#
# There is insufficient memory for the Java Runtime Environment to continue.
# Native memory allocation (mmap) failed to map 128974848 bytes for committing reserved memory.
# Possible reasons:
#   The system is out of physical RAM or swap space
#   The process is running with CompressedOops enabled, and the Java Heap may be blocking the growth of the native heap
# Possible solutions:
#   Reduce memory load on the system
#   Increase physical memory or swap space
#   Check if swap backing store is full
#   Decrease Java heap size (-Xmx/-Xms)
#   Decrease number of Java threads
#   Decrease Java thread stack sizes (-Xss)
#   Set larger code cache with -XX:ReservedCodeCacheSize=
#   JVM is running with Unscaled Compressed Oops mode in which the Java heap is
#     placed in the first 4GB address space. The Java Heap base address is the
#     maximum limit for the native heap growth. Please use -XX:HeapBaseMinAddress
#     to set the Java Heap base and to place the Java Heap above 4GB virtual address.
# This output file may be truncated or incomplete.
#
#  Out of Memory Error (os_linux.cpp:2753), pid=1195, tid=0x00007f2324bfb700
#
# JRE version: OpenJDK Runtime Environment (8.0_202) (build 1.8.0_202-release-1483-b49-5587405)
# Java VM: OpenJDK 64-Bit Server VM (25.202-b49-5587405 mixed mode linux-amd64 compressed oops)
# Failed to write core dump. Core dumps have been disabled. To enable core dumping, try "ulimit -c unlimited" before starting Java again
#

---------------  T H R E A D  ---------------

Current thread (0x00007f2334147000):  VMThread [stack: 0x00007f2324afc000,0x00007f2324bfc000] [id=1201]

Stack: [0x00007f2324afc000,0x00007f2324bfc000],  sp=0x00007f2324bfa510,  free space=1017k
Native frames: (J=compiled Java code, j=interpreted, Vv=VM code, C=native code)
V  [libjvm.so+0xa08b78]  VMError::report_and_die()+0x148
V  [libjvm.so+0x4d412a]  report_vm_out_of_memory(char const*, int, unsigned long, VMErrorType, char const*)+0x8a
V  [libjvm.so+0x870478]  os::pd_commit_memory(char*, unsigned long, unsigned long, bool)+0xd8
V  [libjvm.so+0x867f9f]  os::commit_memory(char*, unsigned long, unsigned long, bool)+0x1f
V  [libjvm.so+0x8e14eb]  PSVirtualSpace::expand_by(unsigned long)+0x5b
V  [libjvm.so+0x8e2140]  PSYoungGen::resize_generation(unsigned long, unsigned long)+0xb0
V  [libjvm.so+0x8e245b]  PSYoungGen::resize(unsigned long, unsigned long)+0x1b
V  [libjvm.so+0x8deb8e]  PSScavenge::invoke_no_policy()+0xdce
V  [libjvm.so+0x8df348]  PSScavenge::invoke()+0x38
V  [libjvm.so+0x893763]  ParallelScavengeHeap::failed_mem_allocate(unsigned long)+0x63
V  [libjvm.so+0xa0a644]  VM_ParallelGCFailedAllocation::doit()+0x84
V  [libjvm.so+0xa0ea17]  VM_Operation::evaluate()+0x47
V  [libjvm.so+0xa0d498]  VMThread::evaluate_operation(VM_Operation*)+0x218
V  [libjvm.so+0xa0d8d1]  VMThread::loop()+0x1f1
V  [libjvm.so+0xa0dd02]  VMThread::run()+0x72
V  [libjvm.so+0x86d652]  java_start(Thread*)+0xf2

VM_Operation (0x00007f233cdfcd00): ParallelGCFailedAllocation, mode: safepoint, requested by thread 0x00007f2334012800


---------------  P R O C E S S  ---------------

Java Threads: ( => current thread )
  0x00007f22f8001000 JavaThread "Attach Listener" daemon [_thread_blocked, id=1221, stack(0x00007f231c16f000,0x00007f231c270000)]
  0x00007f23341b3000 JavaThread "Service Thread" daemon [_thread_blocked, id=1219, stack(0x00007f23242f3000,0x00007f23243f4000)]
  0x00007f23341b0000 JavaThread "C1 CompilerThread2" daemon [_thread_blocked, id=1218, stack(0x00007f23243f5000,0x00007f23244f5000)]
  0x00007f23341ae800 JavaThread "C2 CompilerThread1" daemon [_thread_blocked, id=1217, stack(0x00007f23244f6000,0x00007f23245f6000)]
  0x00007f23341a8000 JavaThread "C2 CompilerThread0" daemon [_thread_blocked, id=1216, stack(0x00007f23245f7000,0x00007f23246f7000)]
  0x00007f23341a6800 JavaThread "Monitor Ctrl-Break" daemon [_thread_in_native, id=1214, stack(0x00007f23246f7000,0x00007f23247f8000)]
  0x00007f2334184800 JavaThread "Signal Dispatcher" daemon [_thread_blocked, id=1212, stack(0x00007f23247f8000,0x00007f23248f9000)]
  0x00007f2334153800 JavaThread "Finalizer" daemon [_thread_blocked, id=1204, stack(0x00007f23248f9000,0x00007f23249fa000)]
  0x00007f2334151000 JavaThread "Reference Handler" daemon [_thread_blocked, id=1203, stack(0x00007f23249fa000,0x00007f2324afb000)]
  0x00007f2334012800 JavaThread "main" [_thread_blocked, id=1196, stack(0x00007f233cd04000,0x00007f233ce04000)]

Other Threads:
=>0x00007f2334147000 VMThread [stack: 0x00007f2324afc000,0x00007f2324bfc000] [id=1201]
  0x00007f23341b5800 WatcherThread [stack: 0x00007f23241f3000,0x00007f23242f3000] [id=1220]

VM state:at safepoint (normal execution)

VM Mutex/Monitor currently owned by a thread:  ([mutex/lock_event])
[0x00007f23340076b0] Threads_lock - owner thread: 0x00007f2334147000
[0x00007f2334007bb0] Heap_lock - owner thread: 0x00007f2334012800

heap address: 0x0000000084e00000, size: 1970 MB, Compressed Oops mode: 32-bit
Narrow klass base: 0x0000000000000000, Narrow klass shift: 3
Compressed class space size: 1073741824 Address: 0x0000000100000000

Heap:
 PSYoungGen      total 133632K, used 6721K [0x00000000d6f80000, 0x00000000dfa80000, 0x0000000100000000)
  eden space 125952K, 0% used [0x00000000d6f80000,0x00000000d6f80000,0x00000000dea80000)
  from space 7680K, 87% used [0x00000000dea80000,0x00000000df1105e0,0x00000000df200000)
  to   space 6656K, 0% used [0x00000000df200000,0x00000000df200000,0x00000000df880000)
 ParOldGen       total 84992K, used 5043K [0x0000000084e00000, 0x000000008a100000, 0x00000000d6f80000)
  object space 84992K, 5% used [0x0000000084e00000,0x00000000852ecf10,0x000000008a100000)
 Metaspace       used 14432K, capacity 14660K, committed 14976K, reserved 1062912K
  class space    used 1757K, capacity 1852K, committed 1920K, reserved 1048576K

Card table byte_map: [0x00007f233a148000,0x00007f233a522000] byte_map_base: 0x00007f2339d21000

Marking Bits: (ParMarkBitMap*) 0x00007f233c3d5920
 Begin Bits: [0x00007f231c270000, 0x00007f231e138000)
 End Bits:   [0x00007f231e138000, 0x00007f2320000000)

Polling page: 0x00007f233ce2f000

CodeCache: size=245760Kb used=6837Kb max_used=6872Kb free=238922Kb
 bounds [0x00007f2325000000, 0x00007f23256c0000, 0x00007f2334000000]
 total_blobs=2058 nmethods=1733 adapters=239
 compilation: enabled

Compilation events (10 events):
Event: 9.481 Thread 0x00007f23341ae800 nmethod 1758 0x00007f2325652d50 code [0x00007f2325652ea0, 0x00007f2325652f48]
Event: 10.792 Thread 0x00007f23341b0000 1759       3       sun.net.www.protocol.file.FileURLConnection::<init> (38 bytes)
Event: 11.155 Thread 0x00007f23341b0000 nmethod 1759 0x00007f2325650d90 code [0x00007f2325650f20, 0x00007f23256512d8]
Event: 11.163 Thread 0x00007f23341b0000 1760       3       sun.net.www.MessageHeader::grow (92 bytes)
Event: 11.336 Thread 0x00007f23341b0000 nmethod 1760 0x00007f2325655b50 code [0x00007f2325655ce0, 0x00007f2325656218]
Event: 12.530 Thread 0x00007f23341b0000 1761       3       java.util.Arrays$ArrayList::size (6 bytes)
Event: 12.540 Thread 0x00007f23341a8000 1762   !   4       java.util.zip.Inflater::inflate (113 bytes)
Event: 12.596 Thread 0x00007f23341b0000 nmethod 1761 0x00007f23256557d0 code [0x00007f2325655940, 0x00007f2325655a90]
Event: 12.663 Thread 0x00007f23341a8000 nmethod 1762 0x00007f232569fdd0 code [0x00007f232569ff40, 0x00007f23256a0408]
Event: 12.668 Thread 0x00007f23341ae800 1763       4       java.lang.String::equalsIgnoreCase (48 bytes)

GC Heap History (10 events):
Event: 2.050 GC heap after
Heap after GC invocations=2 (full 0):
 PSYoungGen      total 36864K, used 4902K [0x00000000d6f80000, 0x00000000db780000, 0x0000000100000000)
  eden space 31744K, 0% used [0x00000000d6f80000,0x00000000d6f80000,0x00000000d8e80000)
  from space 5120K, 95% used [0x00000000d9380000,0x00000000d9849b98,0x00000000d9880000)
  to   space 5120K, 0% used [0x00000000d8e80000,0x00000000d8e80000,0x00000000d9380000)
 ParOldGen       total 84992K, used 8K [0x0000000084e00000, 0x000000008a100000, 0x00000000d6f80000)
  object space 84992K, 0% used [0x0000000084e00000,0x0000000084e02000,0x000000008a100000)
 Metaspace       used 8256K, capacity 8492K, committed 8704K, reserved 1056768K
  class space    used 915K, capacity 1016K, committed 1024K, reserved 1048576K
}
Event: 2.367 GC heap before
{Heap before GC invocations=3 (full 0):
 PSYoungGen      total 36864K, used 36646K [0x00000000d6f80000, 0x00000000db780000, 0x0000000100000000)
  eden space 31744K, 100% used [0x00000000d6f80000,0x00000000d8e80000,0x00000000d8e80000)
  from space 5120K, 95% used [0x00000000d9380000,0x00000000d9849b98,0x00000000d9880000)
  to   space 5120K, 0% used [0x00000000d8e80000,0x00000000d8e80000,0x00000000d9380000)
 ParOldGen       total 84992K, used 8K [0x0000000084e00000, 0x000000008a100000, 0x00000000d6f80000)
  object space 84992K, 0% used [0x0000000084e00000,0x0000000084e02000,0x000000008a100000)
 Metaspace       used 8492K, capacity 8684K, committed 8704K, reserved 1056768K
  class space    used 918K, capacity 1016K, committed 1024K, reserved 1048576K
Event: 2.377 GC heap after
Heap after GC invocations=3 (full 0):
 PSYoungGen      total 36864K, used 5097K [0x00000000d6f80000, 0x00000000db780000, 0x0000000100000000)
  eden space 31744K, 0% used [0x00000000d6f80000,0x00000000d6f80000,0x00000000d8e80000)
  from space 5120K, 99% used [0x00000000d8e80000,0x00000000d937a4c8,0x00000000d9380000)
  to   space 5120K, 0% used [0x00000000db280000,0x00000000db280000,0x00000000db780000)
 ParOldGen       total 84992K, used 980K [0x0000000084e00000, 0x000000008a100000, 0x00000000d6f80000)
  object space 84992K, 1% used [0x0000000084e00000,0x0000000084ef5110,0x000000008a100000)
 Metaspace       used 8492K, capacity 8684K, committed 8704K, reserved 1056768K
  class space    used 918K, capacity 1016K, committed 1024K, reserved 1048576K
}
Event: 2.630 GC heap before
{Heap before GC invocations=4 (full 0):
 PSYoungGen      total 36864K, used 36841K [0x00000000d6f80000, 0x00000000db780000, 0x0000000100000000)
  eden space 31744K, 100% used [0x00000000d6f80000,0x00000000d8e80000,0x00000000d8e80000)
  from space 5120K, 99% used [0x00000000d8e80000,0x00000000d937a4c8,0x00000000d9380000)
  to   space 5120K, 0% used [0x00000000db280000,0x00000000db280000,0x00000000db780000)
 ParOldGen       total 84992K, used 980K [0x0000000084e00000, 0x000000008a100000, 0x00000000d6f80000)
  object space 84992K, 1% used [0x0000000084e00000,0x0000000084ef5110,0x000000008a100000)
 Metaspace       used 8631K, capacity 8812K, committed 8960K, reserved 1056768K
  class space    used 921K, capacity 1016K, committed 1024K, reserved 1048576K
Event: 2.636 GC heap after
Heap after GC invocations=4 (full 0):
 PSYoungGen      total 68608K, used 5102K [0x00000000d6f80000, 0x00000000db780000, 0x0000000100000000)
  eden space 63488K, 0% used [0x00000000d6f80000,0x00000000d6f80000,0x00000000dad80000)
  from space 5120K, 99% used [0x00000000db280000,0x00000000db77b818,0x00000000db780000)
  to   space 5120K, 0% used [0x00000000dad80000,0x00000000dad80000,0x00000000db280000)
 ParOldGen       total 84992K, used 1220K [0x0000000084e00000, 0x000000008a100000, 0x00000000d6f80000)
  object space 84992K, 1% used [0x0000000084e00000,0x0000000084f31110,0x000000008a100000)
 Metaspace       used 8631K, capacity 8812K, committed 8960K, reserved 1056768K
  class space    used 921K, capacity 1016K, committed 1024K, reserved 1048576K
}
Event: 2.965 GC heap before
{Heap before GC invocations=5 (full 0):
 PSYoungGen      total 68608K, used 68590K [0x00000000d6f80000, 0x00000000db780000, 0x0000000100000000)
  eden space 63488K, 100% used [0x00000000d6f80000,0x00000000dad80000,0x00000000dad80000)
  from space 5120K, 99% used [0x00000000db280000,0x00000000db77b818,0x00000000db780000)
  to   space 5120K, 0% used [0x00000000dad80000,0x00000000dad80000,0x00000000db280000)
 ParOldGen       total 84992K, used 1220K [0x0000000084e00000, 0x000000008a100000, 0x00000000d6f80000)
  object space 84992K, 1% used [0x0000000084e00000,0x0000000084f31110,0x000000008a100000)
 Metaspace       used 8939K, capacity 9228K, committed 9344K, reserved 1056768K
  class space    used 961K, capacity 1048K, committed 1152K, reserved 1048576K
Event: 2.976 GC heap after
Heap after GC invocations=5 (full 0):
 PSYoungGen      total 68608K, used 4880K [0x00000000d6f80000, 0x00000000df880000, 0x0000000100000000)
  eden space 63488K, 0% used [0x00000000d6f80000,0x00000000d6f80000,0x00000000dad80000)
  from space 5120K, 95% used [0x00000000dad80000,0x00000000db244010,0x00000000db280000)
  to   space 6656K, 0% used [0x00000000df200000,0x00000000df200000,0x00000000df880000)
 ParOldGen       total 84992K, used 1228K [0x0000000084e00000, 0x000000008a100000, 0x00000000d6f80000)
  object space 84992K, 1% used [0x0000000084e00000,0x0000000084f33110,0x000000008a100000)
 Metaspace       used 8939K, capacity 9228K, committed 9344K, reserved 1056768K
  class space    used 961K, capacity 1048K, committed 1152K, reserved 1048576K
}
Event: 3.281 GC heap before
{Heap before GC invocations=6 (full 0):
 PSYoungGen      total 68608K, used 68368K [0x00000000d6f80000, 0x00000000df880000, 0x0000000100000000)
  eden space 63488K, 100% used [0x00000000d6f80000,0x00000000dad80000,0x00000000dad80000)
  from space 5120K, 95% used [0x00000000dad80000,0x00000000db244010,0x00000000db280000)
  to   space 6656K, 0% used [0x00000000df200000,0x00000000df200000,0x00000000df880000)
 ParOldGen       total 84992K, used 1228K [0x0000000084e00000, 0x000000008a100000, 0x00000000d6f80000)
  object space 84992K, 1% used [0x0000000084e00000,0x0000000084f33110,0x000000008a100000)
 Metaspace       used 11488K, capacity 11684K, committed 11904K, reserved 1060864K
  class space    used 1216K, capacity 1308K, committed 1408K, reserved 1048576K
Event: 3.300 GC heap after
Heap after GC invocations=6 (full 0):
 PSYoungGen      total 132608K, used 6643K [0x00000000d6f80000, 0x00000000dfa80000, 0x0000000100000000)
  eden space 125952K, 0% used [0x00000000d6f80000,0x00000000d6f80000,0x00000000dea80000)
  from space 6656K, 99% used [0x00000000df200000,0x00000000df87cfc0,0x00000000df880000)
  to   space 7680K, 0% used [0x00000000dea80000,0x00000000dea80000,0x00000000df200000)
 ParOldGen       total 84992K, used 2204K [0x0000000084e00000, 0x000000008a100000, 0x00000000d6f80000)
  object space 84992K, 2% used [0x0000000084e00000,0x00000000850272f8,0x000000008a100000)
 Metaspace       used 11488K, capacity 11684K, committed 11904K, reserved 1060864K
  class space    used 1216K, capacity 1308K, committed 1408K, reserved 1048576K
}
Event: 12.764 GC heap before
{Heap before GC invocations=7 (full 0):
 PSYoungGen      total 132608K, used 132595K [0x00000000d6f80000, 0x00000000dfa80000, 0x0000000100000000)
  eden space 125952K, 100% used [0x00000000d6f80000,0x00000000dea80000,0x00000000dea80000)
  from space 6656K, 99% used [0x00000000df200000,0x00000000df87cfc0,0x00000000df880000)
  to   space 7680K, 0% used [0x00000000dea80000,0x00000000dea80000,0x00000000df200000)
 ParOldGen       total 84992K, used 2204K [0x0000000084e00000, 0x000000008a100000, 0x00000000d6f80000)
  object space 84992K, 2% used [0x0000000084e00000,0x00000000850272f8,0x000000008a100000)
 Metaspace       used 14432K, capacity 14660K, committed 14976K, reserved 1062912K
  class space    used 1757K, capacity 1852K, committed 1920K, reserved 1048576K

Deoptimization events (10 events):
Event: 2.379 Thread 0x00007f2334012800 Uncommon trap: reason=unstable_if action=reinterpret pc=0x00007f2325476f64 method=javassist.ClassPool.get0(Ljava/lang/String;Z)Ljavassist/CtClass; @ 56
Event: 2.380 Thread 0x00007f2334012800 Uncommon trap: reason=unstable_if action=reinterpret pc=0x00007f232546d7d0 method=javassist.ClassPool.get0(Ljava/lang/String;Z)Ljavassist/CtClass; @ 56
Event: 2.432 Thread 0x00007f2334012800 Uncommon trap: reason=unstable_if action=reinterpret pc=0x00007f232553fc48 method=java.util.HashMap$TreeNode.find(ILjava/lang/Object;Ljava/lang/Class;)Ljava/util/HashMap$TreeNode; @ 71
Event: 2.583 Thread 0x00007f2334012800 Uncommon trap: reason=unstable_if action=reinterpret pc=0x00007f232529d4e0 method=javassist.bytecode.LongVector.addElement(Ljavassist/bytecode/ConstInfo;)V @ 26
Event: 2.977 Thread 0x00007f2334012800 Uncommon trap: reason=unstable_if action=reinterpret pc=0x00007f23255c9558 method=javassist.bytecode.stackmap.Tracer.checkParamTypes(Ljava/lang/String;I)V @ 92
Event: 2.977 Thread 0x00007f2334012800 Uncommon trap: reason=unstable_if action=reinterpret pc=0x00007f232559f498 method=javassist.bytecode.stackmap.MapMaker.validateTypeData([Ljavassist/bytecode/stackmap/TypeData;II)Ljavassist/bytecode/stackmap/TypeData; @ 8
Event: 2.977 Thread 0x00007f2334012800 Uncommon trap: reason=unstable_if action=reinterpret pc=0x00007f2325556a80 method=javassist.bytecode.stackmap.TypeData$BasicType.is2WordType()Z @ 5
Event: 2.977 Thread 0x00007f2334012800 Uncommon trap: reason=unstable_if action=reinterpret pc=0x00007f23255646b4 method=javassist.bytecode.stackmap.TypeData$BasicType.is2WordType()Z @ 5
Event: 3.017 Thread 0x00007f2334012800 Uncommon trap: reason=unloaded action=reinterpret pc=0x00007f23252af10c method=javassist.bytecode.ConstPool.readOne(Ljava/io/DataInputStream;)I @ 124
Event: 3.171 Thread 0x00007f2334012800 Uncommon trap: reason=unstable_if action=reinterpret pc=0x00007f23252fc504 method=java.io.BufferedInputStream.read([BII)I @ 56

Classes redefined (0 events):
No events

Internal exceptions (10 events):
Event: 1.500 Thread 0x00007f2334012800 Exception <a 'java/lang/NoSuchFieldError': method resolution failed> (0x00000000d8595160) thrown at [/usr/local/google/buildbot/src/googleplex-android/openjdk/out/hotspot/src/share/vm/prims/methodHandles.cpp, line 1167]
Event: 1.503 Thread 0x00007f2334012800 Exception <a 'java/lang/NoSuchFieldError': method resolution failed> (0x00000000d85a3160) thrown at [/usr/local/google/buildbot/src/googleplex-android/openjdk/out/hotspot/src/share/vm/prims/methodHandles.cpp, line 1167]
Event: 2.379 Thread 0x00007f2334012800 Implicit null exception at 0x00007f23254768ff to 0x00007f2325476f59
Event: 2.380 Thread 0x00007f2334012800 Implicit null exception at 0x00007f232546d147 to 0x00007f232546d7c4
Event: 3.394 Thread 0x00007f2334012800 Exception <a 'java/lang/ClassNotFoundException': org/powermock/configuration/MockitoConfigurationBeanInfo> (0x00000000d84ac450) thrown at [/usr/local/google/buildbot/src/googleplex-android/openjdk/out/hotspot/src/share/vm/classfile/systemDictionary.cpp, l
Event: 3.394 Thread 0x00007f2334012800 Exception <a 'java/lang/ClassNotFoundException': org/powermock/configuration/MockitoConfigurationCustomizer> (0x00000000d84e1598) thrown at [/usr/local/google/buildbot/src/googleplex-android/openjdk/out/hotspot/src/share/vm/classfile/systemDictionary.cpp,
Event: 3.395 Thread 0x00007f2334012800 Exception <a 'java/lang/ArrayIndexOutOfBoundsException'> (0x00000000d84e3810) thrown at [/usr/local/google/buildbot/src/googleplex-android/openjdk/out/hotspot/src/share/vm/runtime/sharedRuntime.cpp, line 605]
Event: 3.401 Thread 0x00007f2334012800 Exception <a 'java/lang/ClassNotFoundException': org/powermock/configuration/PowerMockConfigurationBeanInfo> (0x00000000d86b5550) thrown at [/usr/local/google/buildbot/src/googleplex-android/openjdk/out/hotspot/src/share/vm/classfile/systemDictionary.cpp,
Event: 3.402 Thread 0x00007f2334012800 Exception <a 'java/lang/ClassNotFoundException': org/powermock/configuration/PowerMockConfigurationCustomizer> (0x00000000d86ec0a0) thrown at [/usr/local/google/buildbot/src/googleplex-android/openjdk/out/hotspot/src/share/vm/classfile/systemDictionary.cp
Event: 3.402 Thread 0x00007f2334012800 Exception <a 'java/lang/ArrayIndexOutOfBoundsException'> (0x00000000d86ee0f0) thrown at [/usr/local/google/buildbot/src/googleplex-android/openjdk/out/hotspot/src/share/vm/runtime/sharedRuntime.cpp, line 605]

Events (10 events):
Event: 12.686 loading class net/bytebuddy/dynamic/scaffold/FieldLocator$AbstractBase done
Event: 12.691 loading class net/bytebuddy/dynamic/scaffold/FieldLocator
Event: 12.691 loading class net/bytebuddy/dynamic/scaffold/FieldLocator done
Event: 12.700 loading class net/bytebuddy/dynamic/scaffold/FieldLocator$ForClassHierarchy
Event: 12.700 loading class net/bytebuddy/dynamic/scaffold/FieldLocator$ForClassHierarchy done
Event: 12.723 loading class net/bytebuddy/dynamic/scaffold/FieldLocator$ForExactType
Event: 12.723 loading class net/bytebuddy/dynamic/scaffold/FieldLocator$ForExactType done
Event: 12.742 loading class net/bytebuddy/dynamic/scaffold/FieldLocator$Resolution
Event: 12.742 loading class net/bytebuddy/dynamic/scaffold/FieldLocator$Resolution done
Event: 12.753 Executing VM operation: ParallelGCFailedAllocation


Dynamic libraries:
00400000-00401000 r-xp 00000000 fd:01 8137505                            /home/kmos/android-studio/jre/bin/java
00401000-00402000 rw-p 00000000 fd:01 8137505                            /home/kmos/android-studio/jre/bin/java
016fe000-0171f000 rw-p 00000000 00:00 0                                  [heap]
84e00000-8a100000 rw-p 00000000 00:00 0 
8a100000-d6f80000 ---p 00000000 00:00 0 
d6f80000-dfa80000 rw-p 00000000 00:00 0 
e7580000-100000000 ---p 00000000 00:00 0 
100000000-1001e0000 rw-p 00000000 00:00 0 
1001e0000-140000000 ---p 00000000 00:00 0 
7f22dc000000-7f22dc021000 rw-p 00000000 00:00 0 
7f22dc021000-7f22e0000000 ---p 00000000 00:00 0 
7f22e0000000-7f22e0023000 rw-p 00000000 00:00 0 
7f22e0023000-7f22e4000000 ---p 00000000 00:00 0 
7f22e4000000-7f22e4c52000 rw-p 00000000 00:00 0 
7f22e4c52000-7f22e8000000 ---p 00000000 00:00 0 
7f22e8000000-7f22e8021000 rw-p 00000000 00:00 0 
7f22e8021000-7f22ec000000 ---p 00000000 00:00 0 
7f22ec000000-7f22ed87c000 rw-p 00000000 00:00 0 
7f22ed87c000-7f22f0000000 ---p 00000000 00:00 0 
7f22f0000000-7f22f2182000 rw-p 00000000 00:00 0 
7f22f2182000-7f22f4000000 ---p 00000000 00:00 0 
7f22f4fff000-7f22f8000000 rw-p 00000000 00:00 0 
7f22f8000000-7f22f8021000 rw-p 00000000 00:00 0 
7f22f8021000-7f22fc000000 ---p 00000000 00:00 0 
7f22fc000000-7f22fc021000 rw-p 00000000 00:00 0 
7f22fc021000-7f2300000000 ---p 00000000 00:00 0 
7f2300000000-7f2300021000 rw-p 00000000 00:00 0 
7f2300021000-7f2304000000 ---p 00000000 00:00 0 
7f2304000000-7f2304021000 rw-p 00000000 00:00 0 
7f2304021000-7f2308000000 ---p 00000000 00:00 0 
7f2308000000-7f2308021000 rw-p 00000000 00:00 0 
7f2308021000-7f230c000000 ---p 00000000 00:00 0 
7f230c000000-7f230c2c2000 rw-p 00000000 00:00 0 
7f230c2c2000-7f2310000000 ---p 00000000 00:00 0 
7f2310000000-7f2310021000 rw-p 00000000 00:00 0 
7f2310021000-7f2314000000 ---p 00000000 00:00 0 
7f2315c53000-7f2315e53000 rw-p 00000000 00:00 0 
7f2315eec000-7f2315fac000 rw-p 00000000 00:00 0 
7f2315fac000-7f23160ec000 ---p 00000000 00:00 0 
7f23160ec000-7f23162ec000 rw-p 00000000 00:00 0 
7f23162ec000-7f2318000000 r--p 00000000 fd:01 4199555                    /usr/lib/locale/locale-archive
7f2318000000-7f2318021000 rw-p 00000000 00:00 0 
7f2318021000-7f231c000000 ---p 00000000 00:00 0 
7f231c16f000-7f231c172000 ---p 00000000 00:00 0 
7f231c172000-7f2320000000 rw-p 00000000 00:00 0 
7f2320000000-7f2320021000 rw-p 00000000 00:00 0 
7f2320021000-7f2324000000 ---p 00000000 00:00 0 
7f232407c000-7f232408f000 r--s 00345000 fd:01 8137379                    /home/kmos/android-studio/jre/jre/lib/resources.jar
7f232408f000-7f23240c8000 r--s 001e2000 fd:01 14435512                   /home/kmos/remotejobs/Android-CandyCodedApplication/app/build/generated/mockable-android-25.default-values.v3.jar
7f23240c8000-7f23240de000 r--s 000a7000 fd:01 683046                     /home/kmos/.gradle/caches/transforms-1/files-1.1/support-compat-25.3.0.aar/40c5f533fed0c58e4f3155304bab0968/jars/classes.jar
7f23240de000-7f23240e3000 r--s 0003c000 fd:01 683031                     /home/kmos/.gradle/caches/transforms-1/files-1.1/support-core-ui-25.3.0.aar/5b0fcbe65212b6e88d39d996c66476f6/jars/classes.jar
7f23240e3000-7f23240e6000 r--s 00017000 fd:01 683023                     /home/kmos/.gradle/caches/transforms-1/files-1.1/support-core-utils-25.3.0.aar/a5ba2b5c5dc6dc788acf35233295e92e/jars/classes.jar
7f23240e6000-7f23240ee000 r--s 00047000 fd:01 683015                     /home/kmos/.gradle/caches/transforms-1/files-1.1/support-media-compat-25.3.0.aar/459df42b54f761e1bd34f742ff7369bf/jars/classes.jar
7f23240ee000-7f23240f1000 r--s 00026000 fd:01 14950822                   /home/kmos/.gradle/caches/transforms-1/files-1.1/support-fragment-25.3.0.aar/5b129e8906929bab2b8eaf778839c4cc/jars/classes.jar
7f23240f1000-7f23240f2000 r--s 00000000 fd:01 14830308                   /home/kmos/.gradle/caches/transforms-1/files-1.1/support-v4-25.3.0.aar/a45fc76061dcdbeef6e1604633df138b/jars/classes.jar
7f23240f2000-7f23240f3000 r--s 00009000 fd:01 13514371                   /home/kmos/.gradle/caches/transforms-1/files-1.1/support-vector-drawable-25.3.0.aar/b644c0ee6189ffe2fcf50a9581163556/jars/classes.jar
7f23240f3000-7f23240f4000 r--s 00003000 fd:01 11407846                   /home/kmos/.gradle/caches/transforms-1/files-1.1/animated-vector-drawable-25.3.0.aar/fbda8142f6f9363c298349e0ca5e9390/jars/classes.jar
7f23240f4000-7f23240f5000 r--s 00008000 fd:01 2105375                    /home/kmos/.gradle/caches/transforms-1/files-1.1/constraint-layout-1.0.2.aar/b43124f22f95550d25f1f78c860f8f64/jars/classes.jar
7f23240f5000-7f2324100000 r--s 0009f000 fd:01 9451981                    /home/kmos/.gradle/caches/transforms-1/files-1.1/appcompat-v7-25.3.0.aar/e082796fffb3a5b260e243305f526125/jars/classes.jar
7f2324100000-7f2324116000 r--s 000ee000 fd:01 548354                     /home/kmos/.gradle/caches/modules-2/files-2.1/cz.msebera.android/httpclient/4.3.6/526a9f794eab830eae4f23a62c572878b3f491ab/httpclient-4.3.6.jar
7f2324116000-7f2324118000 r--s 00016000 fd:01 925526                     /home/kmos/Android/Sdk/extras/m2repository/com/android/support/constraint/constraint-layout-solver/1.0.2/constraint-layout-solver-1.0.2.jar
7f2324118000-7f232411a000 r--s 00004000 fd:01 922175                     /home/kmos/Android/Sdk/extras/android/m2repository/com/android/support/support-annotations/25.3.0/support-annotations-25.3.0.jar
7f232411a000-7f232411d000 r--s 0001b000 fd:01 547950                     /home/kmos/.gradle/caches/modules-2/files-2.1/com.squareup.picasso/picasso/2.5.2/7446d06ec8d4f7ffcc53f1da37c95f200dcb9387/picasso-2.5.2.jar
7f232411d000-7f2324122000 r--s 00034000 fd:01 541547                     /home/kmos/.gradle/caches/modules-2/files-2.1/com.google.code.gson/gson/2.8.0/c4ba5371a29ac9b2ad6129b1d39ea38750043eff/gson-2.8.0.jar
7f2324122000-7f2324124000 r--s 00018000 fd:01 548353                     /home/kmos/.gradle/caches/modules-2/files-2.1/com.loopj.android/android-async-http/1.4.9/386a4339ffe52d5d63e80f9bed8d2b1d1a418249/android-async-http-1.4.9.jar
7f2324124000-7f2324127000 r--s 00019000 fd:01 542333                     /home/kmos/.gradle/caches/modules-2/files-2.1/nekohtml/nekohtml/1.9.6.2/2d960be7b62ae6622dbbbe49ab4ffdc609f85c80/nekohtml-1.9.6.2.jar
7f2324127000-7f2324129000 r--s 00008000 fd:01 542331                     /home/kmos/.gradle/caches/modules-2/files-2.1/nekohtml/xercesMinimal/1.9.6.2/d1c5e063683a0e6f77cd5f051a9d4af48346fa6/xercesMinimal-1.9.6.2.jar
7f2324129000-7f2324131000 r--s 00049000 fd:01 542332                     /home/kmos/.gradle/caches/modules-2/files-2.1/backport-util-concurrent/backport-util-concurrent/3.1/682f7ac17fed79e92f8e87d8455192b63376347b/backport-util-concurrent-3.1.jar
7f2324131000-7f2324139000 r--s 0008a000 fd:01 542330                     /home/kmos/.gradle/caches/modules-2/files-2.1/com.google.protobuf/protobuf-java/2.6.1/d9521f2aecb909835746b7a5facf612af5e890e8/protobuf-java-2.6.1.jar
7f2324139000-7f232413b000 r--s 0000b000 fd:01 542329                     /home/kmos/.gradle/caches/modules-2/files-2.1/org.codehaus.plexus/plexus-interpolation/1.11/ad9dddff6043194904ad1d2c00ff1d003c3915f7/plexus-interpolation-1.11.jar
7f232413b000-7f232413f000 r--s 00034000 fd:01 542328                     /home/kmos/.gradle/caches/modules-2/files-2.1/org.codehaus.plexus/plexus-utils/1.5.15/c689598ce1eb94c304817877ed15911099972526/plexus-utils-1.5.15.jar
7f232413f000-7f2324141000 r--s 00005000 fd:01 542327                     /home/kmos/.gradle/caches/modules-2/files-2.1/org.apache.maven/maven-repository-metadata/2.2.1/98f0c07fcf1eeb213bef8d9316a9935184084b06/maven-repository-metadata-2.2.1.jar
7f2324141000-7f2324143000 r--s 0000b000 fd:01 542326                     /home/kmos/.gradle/caches/modules-2/files-2.1/org.apache.maven.wagon/wagon-provider-api/1.0-beta-6/3f952e0282ae77ae59851d96bb18015e520b6208/wagon-provider-api-1.0-beta-6.jar
7f2324143000-7f2324145000 r--s 00005000 fd:01 542325                     /home/kmos/.gradle/caches/modules-2/files-2.1/org.apache.maven.wagon/wagon-http-shared/1.0-beta-6/ccd70d7e0d8c085e648a83f072da06ca9a53be94/wagon-http-shared-1.0-beta-6.jar
7f2324145000-7f2324146000 r--s 00003000 fd:01 542324                     /home/kmos/.gradle/caches/modules-2/files-2.1/org.apache.maven.wagon/wagon-http-lightweight/1.0-beta-6/b3815078570c3b1f0667e123d59717c6b726c6c2/wagon-http-lightweight-1.0-beta-6.jar
7f2324146000-7f2324148000 r--s 00014000 fd:01 542317                     /home/kmos/.gradle/caches/modules-2/files-2.1/org.apache.maven/maven-model/2.2.1/c0a1c17436ec3ff5a56207c031d82277b4250a29/maven-model-2.2.1.jar
7f2324148000-7f232414b000 r--s 00011000 fd:01 542316                     /home/kmos/.gradle/caches/modules-2/files-2.1/org.apache.maven/maven-artifact/2.2.1/23600f790d4dab2cb965419eaa982e3e84c428f8/maven-artifact-2.2.1.jar
7f232414b000-7f232414d000 r--s 00008000 fd:01 542315                     /home/kmos/.gradle/caches/modules-2/files-2.1/classworlds/classworlds/1.1-alpha-2/5adf2e681c57d7f48038b602f3ca2254ee82d47/classworlds-1.1-alpha-2.jar
7f232414d000-7f2324154000 r--s 00029000 fd:01 542314                     /home/kmos/.gradle/caches/modules-2/files-2.1/org.codehaus.plexus/plexus-container-default/1.0-alpha-9-stable-1/94aea3010e250a334d9dab7f591114cd6c767458/plexus-container-default-1.0-alpha-9-stable-1.jar
7f2324154000-7f2324156000 r--s 00006000 fd:01 542313                     /home/kmos/.gradle/caches/modules-2/files-2.1/org.apache.maven/maven-plugin-registry/2.2.1/72a24b7775649af78f3986b5aa7eb354b9674cfd/maven-plugin-registry-2.2.1.jar
7f2324156000-7f2324158000 r--s 00007000 fd:01 542311                     /home/kmos/.gradle/caches/modules-2/files-2.1/org.apache.maven/maven-profile/2.2.1/3950071587027e5086e9c395574a60650c432738/maven-profile-2.2.1.jar
7f2324158000-7f23241af000 r--s 008ec000 fd:01 542232                     /home/kmos/.gradle/caches/modules-2/files-2.1/com.ibm.icu/icu4j/53.1/786d9055d4ca8c1aab4a7d4ac8283f973fd7e41f/icu4j-53.1.jar
7f23241af000-7f23241c3000 r--s 000dc000 fd:01 548475                     /home/kmos/.gradle/caches/modules-2/files-2.1/org.assertj/assertj-core/2.6.0/b532c3fc4f66bcfee4989a3514f1cd56203a33ad/assertj-core-2.6.0.jar
7f23241c3000-7f23241f2000 r--s 00226000 fd:01 548472                     /home/kmos/.gradle/caches/modules-2/files-2.1/com.google.guava/guava/20.0/89507701249388e1ed5ddcf8c41f4ce1be7831ef/guava-20.0.jar
7f23241f2000-7f23241f3000 ---p 00000000 00:00 0 
7f23241f3000-7f23242f3000 rw-p 00000000 00:00 0 
7f23242f3000-7f23242f6000 ---p 00000000 00:00 0 
7f23242f6000-7f23243f4000 rw-p 00000000 00:00 0 
7f23243f4000-7f23243f5000 ---p 00000000 00:00 0 
7f23243f5000-7f23243f8000 ---p 00000000 00:00 0 
7f23243f8000-7f23244f5000 rw-p 00000000 00:00 0 
7f23244f5000-7f23244f6000 ---p 00000000 00:00 0 
7f23244f6000-7f23244f9000 ---p 00000000 00:00 0 
7f23244f9000-7f23245f6000 rw-p 00000000 00:00 0 
7f23245f6000-7f23245f7000 ---p 00000000 00:00 0 
7f23245f7000-7f23245fa000 ---p 00000000 00:00 0 
7f23245fa000-7f23246f7000 rw-p 00000000 00:00 0 
7f23246f7000-7f23246fa000 ---p 00000000 00:00 0 
7f23246fa000-7f23247f8000 rw-p 00000000 00:00 0 
7f23247f8000-7f23247fb000 ---p 00000000 00:00 0 
7f23247fb000-7f23248f9000 rw-p 00000000 00:00 0 
7f23248f9000-7f23248fc000 ---p 00000000 00:00 0 
7f23248fc000-7f23249fa000 rw-p 00000000 00:00 0 
7f23249fa000-7f23249fd000 ---p 00000000 00:00 0 
7f23249fd000-7f2324afb000 rw-p 00000000 00:00 0 
7f2324afb000-7f2324afc000 ---p 00000000 00:00 0 
7f2324afc000-7f2325000000 rw-p 00000000 00:00 0 
7f2325000000-7f23256c0000 rwxp 00000000 00:00 0 
7f23256c0000-7f2334000000 ---p 00000000 00:00 0 
7f2334000000-7f2334e6d000 rw-p 00000000 00:00 0 
7f2334e6d000-7f2338000000 ---p 00000000 00:00 0 
7f2338000000-7f2338001000 r--s 00002000 fd:01 542318                     /home/kmos/.gradle/caches/modules-2/files-2.1/org.apache.maven.wagon/wagon-file/1.0-beta-6/6c53633505460caf49d2660de1e24744d915afb9/wagon-file-1.0-beta-6.jar
7f2338001000-7f2338002000 r--s 0000b000 fd:01 542294                     /home/kmos/.gradle/caches/modules-2/files-2.1/org.apache.maven/maven-settings/2.2.1/2236ffe71fa5f78ce42b0f5fc22c54ed45f14294/maven-settings-2.2.1.jar
7f2338002000-7f2338004000 r--s 00002000 fd:01 542293                     /home/kmos/.gradle/caches/modules-2/files-2.1/org.apache.maven/maven-error-diagnostics/2.2.1/e81bb342d7d172f23d108dc8fa979a1facdcde8e/maven-error-diagnostics-2.2.1.jar
7f2338004000-7f2338006000 r--s 0000f000 fd:01 542242                     /home/kmos/.gradle/caches/modules-2/files-2.1/org.apache.maven/maven-artifact-manager/2.2.1/ec355b913c34d37080810f98e3f51abecbe1572b/maven-artifact-manager-2.2.1.jar
7f2338006000-7f233800a000 r--s 00023000 fd:01 542241                     /home/kmos/.gradle/caches/modules-2/files-2.1/org.apache.maven/maven-project/2.2.1/8239e98c16f641d55a4ad0e0bab0aee3aff8933f/maven-project-2.2.1.jar
7f233800a000-7f233800b000 r--s 00002000 fd:01 542239                     /home/kmos/.gradle/caches/modules-2/files-2.1/org.apache.ant/ant-launcher/1.8.0/8b53ba16fa62fb1034da8f1de200ddc407c8381/ant-launcher-1.8.0.jar
7f233800b000-7f233800d000 r--s 00005000 fd:01 548476                     /home/kmos/.gradle/caches/modules-2/files-2.1/xpp3/xpp3_min/1.1.4c/19d4e90b43059058f6e056f794f0ea4030d60b86/xpp3_min-1.1.4c.jar
7f233800d000-7f233800e000 r--s 00001000 fd:01 530885                     /home/kmos/.gradle/caches/modules-2/files-2.1/xmlpull/xmlpull/1.1.3.1/2b8e230d2ab644e4ecaa94db7cdedbc40c805dfa/xmlpull-1.1.3.1.jar
7f233800e000-7f2338011000 r--s 0001d000 fd:01 542231                     /home/kmos/.gradle/caches/modules-2/files-2.1/com.almworks.sqlite4java/sqlite4java/0.282/745a7e2f35fdbe6336922e0d492c979dbbfa74fb/sqlite4java-0.282.jar
7f2338011000-7f2338012000 r--s 0000c000 fd:01 548474                     /home/kmos/.gradle/caches/modules-2/files-2.1/org.ow2.asm/asm/5.0.1/2fd56467a018aafe6ec6a73ccba520be4a7e1565/asm-5.0.1.jar
7f2338012000-7f2338014000 r--s 00006000 fd:01 548473                     /home/kmos/.gradle/caches/modules-2/files-2.1/org.ow2.asm/asm-tree/5.0.1/1b1e6e9d869acd704056d0a4223071a511c619e6/asm-tree-5.0.1.jar
7f2338014000-7f2338016000 r--s 00009000 fd:01 548471                     /home/kmos/.gradle/caches/modules-2/files-2.1/org.ow2.asm/asm-commons/5.0.1/7b7147a390a93a14d2edfdcf3f7b0e87a0939c3e/asm-commons-5.0.1.jar
7f2338016000-7f2338018000 r--s 00003000 fd:01 548470                     /home/kmos/.gradle/caches/modules-2/files-2.1/org.robolectric/shadow-api/3.3.2/b27c499e077a842330aca3f76615af8bff0fab29/shadow-api-3.3.2.jar
7f2338018000-7f233801b000 r--s 0000b000 fd:01 548469                     /home/kmos/.gradle/caches/modules-2/files-2.1/org.objenesis/objenesis/2.5/612ecb799912ccf77cba9b3ed8c813da086076e9/objenesis-2.5.jar
7f233801b000-7f233801d000 r--s 00009000 fd:01 548467                     /home/kmos/.gradle/caches/modules-2/files-2.1/net.bytebuddy/byte-buddy-agent/1.6.14/ba1e5ba3a84fb2fbf2f4de9138df19665eec4d59/byte-buddy-agent-1.6.14.jar
7f233801d000-7f2338058000 r--s 00270000 fd:01 548468                     /home/kmos/.gradle/caches/modules-2/files-2.1/net.bytebuddy/byte-buddy/1.6.14/871c3e49dc6183d0d361601c2f1d11abb1a6b48c/byte-buddy-1.6.14.jar
7f2338058000-7f233806f000 r--s 00159000 fd:01 542225                     /home/kmos/.gradle/caches/modules-2/files-2.1/org.apache.ant/ant/1.8.0/7b456ca6b93900f96e58cc8371f03d90a9c1c8d1/ant-1.8.0.jar
7f233806f000-7f2338088000 r--s 00129000 fd:01 542224                     /home/kmos/.gradle/caches/modules-2/files-2.1/org.apache.maven/maven-ant-tasks/2.1.3/b09be554228d66d208e5fef5266844aacf443abc/maven-ant-tasks-2.1.3.jar
7f2338088000-7f2338095000 r--s 00077000 fd:01 548466                     /home/kmos/.gradle/caches/modules-2/files-2.1/com.thoughtworks.xstream/xstream/1.4.8/520d90f30f36a0d6ba2dc929d980831631ad6a92/xstream-1.4.8.jar
7f2338095000-7f23380bd000 r--s 001a3000 fd:01 548465                     /home/kmos/.gradle/caches/modules-2/files-2.1/org.bouncycastle/bcprov-jdk16/1.46/ce091790943599535cbb4de8ede84535b0c1260c/bcprov-jdk16-1.46.jar
7f23380bd000-7f23380be000 r--s 00003000 fd:01 548464                     /home/kmos/.gradle/caches/modules-2/files-2.1/org.robolectric/robolectric-annotations/3.3.2/9aabda1b5c03c0077e0224058a444c23bc1162ac/robolectric-annotations-3.3.2.jar
7f23380be000-7f23380bf000 r--s 00005000 fd:01 548463                     /home/kmos/.gradle/caches/modules-2/files-2.1/org.robolectric/robolectric-utils/3.3.2/c94200e8e1176caa63ff46ff6f2870990f5642cc/robolectric-utils-3.3.2.jar
7f23380bf000-7f23380c1000 r--s 00014000 fd:01 548462                     /home/kmos/.gradle/caches/modules-2/files-2.1/org.robolectric/robolectric-sandbox/3.3.2/4d968978679b572e5993b3eea35cae88268f44ee/robolectric-sandbox-3.3.2.jar
7f23380c1000-7f23380c4000 r--s 00019000 fd:01 548461                     /home/kmos/.gradle/caches/modules-2/files-2.1/org.robolectric/robolectric-resources/3.3.2/b1a0ccac05e19a5fa2b21d462375c7603e2203b/robolectric-resources-3.3.2.jar
7f23380c4000-7f23380c5000 r--s 00002000 fd:01 548459                     /home/kmos/.gradle/caches/modules-2/files-2.1/org.robolectric/robolectric-junit/3.3.2/fd1cb1d27d125c0826feddfcd00653f2f16e458d/robolectric-junit-3.3.2.jar
7f23380c5000-7f23380cf000 r--s 000aa000 fd:01 548460                     /home/kmos/.gradle/caches/modules-2/files-2.1/org.javassist/javassist/3.21.0-GA/598244f595db5c5fb713731eddbb1c91a58d959b/javassist-3.21.0-GA.jar
7f23380cf000-7f23380de000 r--s 00073000 fd:01 548458                     /home/kmos/.gradle/caches/modules-2/files-2.1/org.mockito/mockito-core/2.8.9/1afb35b2d77d40567756c379e54c18da3574a96e/mockito-core-2.8.9.jar
7f23380de000-7f2338c37000 rw-p 00000000 00:00 0 
7f2338c37000-7f2338e09000 r--s 03cad000 fd:01 8137399                    /home/kmos/android-studio/jre/jre/lib/rt.jar
7f2338e09000-7f2339ab3000 rw-p 00000000 00:00 0 
7f2339ab3000-7f2339ab4000 ---p 00000000 00:00 0 
7f2339ab4000-7f2339bb4000 rw-p 00000000 00:00 0 
7f2339bb4000-7f2339bb5000 ---p 00000000 00:00 0 
7f2339bb5000-7f2339cb5000 rw-p 00000000 00:00 0 
7f2339cb5000-7f2339cb6000 ---p 00000000 00:00 0 
7f2339cb6000-7f2339db6000 rw-p 00000000 00:00 0 
7f2339db6000-7f2339db7000 ---p 00000000 00:00 0 
7f2339db7000-7f2339ee1000 rw-p 00000000 00:00 0 
7f2339ee1000-7f233a148000 ---p 00000000 00:00 0 
7f233a148000-7f233a172000 rw-p 00000000 00:00 0 
7f233a172000-7f233a3d8000 ---p 00000000 00:00 0 
7f233a3d8000-7f233a41f000 rw-p 00000000 00:00 0 
7f233a41f000-7f233a521000 ---p 00000000 00:00 0 
7f233a521000-7f233a53d000 rw-p 00000000 00:00 0 
7f233a53d000-7f233a8e2000 ---p 00000000 00:00 0 
7f233a8e2000-7f233a8ed000 r-xp 00000000 fd:01 11670270                   /lib/x86_64-linux-gnu/libnss_files-2.27.so
7f233a8ed000-7f233aaec000 ---p 0000b000 fd:01 11670270                   /lib/x86_64-linux-gnu/libnss_files-2.27.so
7f233aaec000-7f233aaed000 r--p 0000a000 fd:01 11670270                   /lib/x86_64-linux-gnu/libnss_files-2.27.so
7f233aaed000-7f233aaee000 rw-p 0000b000 fd:01 11670270                   /lib/x86_64-linux-gnu/libnss_files-2.27.so
7f233aaee000-7f233aaf4000 rw-p 00000000 00:00 0 
7f233aaf4000-7f233ab0b000 r-xp 00000000 fd:01 11670264                   /lib/x86_64-linux-gnu/libnsl-2.27.so
7f233ab0b000-7f233ad0a000 ---p 00017000 fd:01 11670264                   /lib/x86_64-linux-gnu/libnsl-2.27.so
7f233ad0a000-7f233ad0b000 r--p 00016000 fd:01 11670264                   /lib/x86_64-linux-gnu/libnsl-2.27.so
7f233ad0b000-7f233ad0c000 rw-p 00017000 fd:01 11670264                   /lib/x86_64-linux-gnu/libnsl-2.27.so
7f233ad0c000-7f233ad0e000 rw-p 00000000 00:00 0 
7f233ad0e000-7f233ad19000 r-xp 00000000 fd:01 11670280                   /lib/x86_64-linux-gnu/libnss_nis-2.27.so
7f233ad19000-7f233af18000 ---p 0000b000 fd:01 11670280                   /lib/x86_64-linux-gnu/libnss_nis-2.27.so
7f233af18000-7f233af19000 r--p 0000a000 fd:01 11670280                   /lib/x86_64-linux-gnu/libnss_nis-2.27.so
7f233af19000-7f233af1a000 rw-p 0000b000 fd:01 11670280                   /lib/x86_64-linux-gnu/libnss_nis-2.27.so
7f233af1a000-7f233af22000 r-xp 00000000 fd:01 11670266                   /lib/x86_64-linux-gnu/libnss_compat-2.27.so
7f233af22000-7f233b122000 ---p 00008000 fd:01 11670266                   /lib/x86_64-linux-gnu/libnss_compat-2.27.so
7f233b122000-7f233b123000 r--p 00008000 fd:01 11670266                   /lib/x86_64-linux-gnu/libnss_compat-2.27.so
7f233b123000-7f233b124000 rw-p 00009000 fd:01 11670266                   /lib/x86_64-linux-gnu/libnss_compat-2.27.so
7f233b124000-7f233b12b000 r-xp 00000000 fd:01 11670320                   /lib/x86_64-linux-gnu/librt-2.27.so
7f233b12b000-7f233b32a000 ---p 00007000 fd:01 11670320                   /lib/x86_64-linux-gnu/librt-2.27.so
7f233b32a000-7f233b32b000 r--p 00006000 fd:01 11670320                   /lib/x86_64-linux-gnu/librt-2.27.so
7f233b32b000-7f233b32c000 rw-p 00007000 fd:01 11670320                   /lib/x86_64-linux-gnu/librt-2.27.so
7f233b32c000-7f233b4c9000 r-xp 00000000 fd:01 11670243                   /lib/x86_64-linux-gnu/libm-2.27.so
7f233b4c9000-7f233b6c8000 ---p 0019d000 fd:01 11670243                   /lib/x86_64-linux-gnu/libm-2.27.so
7f233b6c8000-7f233b6c9000 r--p 0019c000 fd:01 11670243                   /lib/x86_64-linux-gnu/libm-2.27.so
7f233b6c9000-7f233b6ca000 rw-p 0019d000 fd:01 11670243                   /lib/x86_64-linux-gnu/libm-2.27.so
7f233b6ca000-7f233c2f0000 r-xp 00000000 fd:01 8137406                    /home/kmos/android-studio/jre/jre/lib/amd64/server/libjvm.so
7f233c2f0000-7f233c3c0000 rw-p 00c26000 fd:01 8137406                    /home/kmos/android-studio/jre/jre/lib/amd64/server/libjvm.so
7f233c3c0000-7f233c404000 rw-p 00000000 00:00 0 
7f233c404000-7f233c5eb000 r-xp 00000000 fd:01 11670180                   /lib/x86_64-linux-gnu/libc-2.27.so
7f233c5eb000-7f233c7eb000 ---p 001e7000 fd:01 11670180                   /lib/x86_64-linux-gnu/libc-2.27.so
7f233c7eb000-7f233c7ef000 r--p 001e7000 fd:01 11670180                   /lib/x86_64-linux-gnu/libc-2.27.so
7f233c7ef000-7f233c7f1000 rw-p 001eb000 fd:01 11670180                   /lib/x86_64-linux-gnu/libc-2.27.so
7f233c7f1000-7f233c7f5000 rw-p 00000000 00:00 0 
7f233c7f5000-7f233c7f8000 r-xp 00000000 fd:01 11670203                   /lib/x86_64-linux-gnu/libdl-2.27.so
7f233c7f8000-7f233c9f7000 ---p 00003000 fd:01 11670203                   /lib/x86_64-linux-gnu/libdl-2.27.so
7f233c9f7000-7f233c9f8000 r--p 00002000 fd:01 11670203                   /lib/x86_64-linux-gnu/libdl-2.27.so
7f233c9f8000-7f233c9f9000 rw-p 00003000 fd:01 11670203                   /lib/x86_64-linux-gnu/libdl-2.27.so
7f233c9f9000-7f233ca13000 r-xp 00000000 fd:01 11670312                   /lib/x86_64-linux-gnu/libpthread-2.27.so
7f233ca13000-7f233cc12000 ---p 0001a000 fd:01 11670312                   /lib/x86_64-linux-gnu/libpthread-2.27.so
7f233cc12000-7f233cc13000 r--p 00019000 fd:01 11670312                   /lib/x86_64-linux-gnu/libpthread-2.27.so
7f233cc13000-7f233cc14000 rw-p 0001a000 fd:01 11670312                   /lib/x86_64-linux-gnu/libpthread-2.27.so
7f233cc14000-7f233cc18000 rw-p 00000000 00:00 0 
7f233cc18000-7f233cc3f000 r-xp 00000000 fd:01 11670152                   /lib/x86_64-linux-gnu/ld-2.27.so
7f233cc3f000-7f233cc41000 r--s 0000e000 fd:01 548456                     /home/kmos/.gradle/caches/modules-2/files-2.1/org.powermock/powermock-reflect/1.7.1/258686cb36f6f7687017b4009d6b1267f989f66/powermock-reflect-1.7.1.jar
7f233cc41000-7f233cc4f000 r--s 00299000 fd:01 548457                     /home/kmos/.gradle/caches/modules-2/files-2.1/org.robolectric/shadows-core/3.3.2/3d20e0784abd5d6ccf58eeb82da908ecbf7bffd9/shadows-core-3.3.2.jar
7f233cc4f000-7f233cc53000 r--s 00025000 fd:01 548454                     /home/kmos/.gradle/caches/modules-2/files-2.1/org.robolectric/robolectric/3.3.2/90022fc9ad52c44d0c2a13b8371e9a3624357ba8/robolectric-3.3.2.jar
7f233cc53000-7f233cc58000 r--s 0001f000 fd:01 548453                     /home/kmos/.gradle/caches/modules-2/files-2.1/org.powermock/powermock-core/1.7.1/590d998f70a97c66d32ff5f1f040f308decbdd0c/powermock-core-1.7.1.jar
7f233cc58000-7f233cc5a000 r--s 00004000 fd:01 548452                     /home/kmos/.gradle/caches/modules-2/files-2.1/org.powermock/powermock-api-support/1.7.1/366af3d58861e3754d12c8504a76642900786d8d/powermock-api-support-1.7.1.jar
7f233cc5a000-7f233cc5c000 r--s 00007000 fd:01 548451                     /home/kmos/.gradle/caches/modules-2/files-2.1/org.powermock/powermock-api-mockito-common/1.7.1/bca2184da31c19799cf79e8567d86c5427bbdf3d/powermock-api-mockito-common-1.7.1.jar
7f233cc5c000-7f233cc5f000 r--s 0000c000 fd:01 548450                     /home/kmos/.gradle/caches/modules-2/files-2.1/org.powermock/powermock-api-mockito2/1.7.1/957158530a6e4552fa3addc979d62dcf3e1b1c74/powermock-api-mockito2-1.7.1.jar
7f233cc5f000-7f233cc65000 r--s 00066000 fd:01 548455                     /home/kmos/.gradle/caches/modules-2/files-2.1/com.github.javaparser/javaparser-core/3.0.1/49c49fe9c0d1d21e4777bef6788a92ef15d2a241/javaparser-core-3.0.1.jar
7f233cc65000-7f233cc67000 r--s 00003000 fd:01 548448                     /home/kmos/.gradle/caches/modules-2/files-2.1/org.powermock/powermock-module-junit4-common/1.7.1/cfd1f8fb63e50ae4c409ace696136ec3d595e832/powermock-module-junit4-common-1.7.1.jar
7f233cc67000-7f233cc69000 r--s 0000a000 fd:01 548449                     /home/kmos/.gradle/caches/modules-2/files-2.1/org.powermock/powermock-module-junit4/1.7.1/b68666adbfc6a282a231f3af7a593aad3ee0e002/powermock-module-junit4-1.7.1.jar
7f233cc69000-7f233cc6b000 r--s 00009000 fd:01 541581                     /home/kmos/.gradle/caches/modules-2/files-2.1/org.hamcrest/hamcrest-core/1.3/42a25dc3219429f0e5d060061f71acb49bf010a0/hamcrest-core-1.3.jar
7f233cc6b000-7f233cc73000 r--s 00045000 fd:01 541611                     /home/kmos/.gradle/caches/modules-2/files-2.1/junit/junit/4.12/2973d150c0dc1fefe998f834810d68f278ea58ec/junit-4.12.jar
7f233cc73000-7f233cc74000 r--s 0000c000 fd:01 542233                     /home/kmos/.gradle/caches/modules-2/files-2.1/org.hamcrest/hamcrest-library/1.3/4785a3c21320980282f9f33d0d1264a69040538f/hamcrest-library-1.3.jar
7f233cc74000-7f233cc75000 r--s 0000a000 fd:01 8257554                    /home/kmos/android-studio/plugins/junit/lib/junit5-rt.jar
7f233cc75000-7f233cc8b000 r-xp 00000000 fd:01 8137433                    /home/kmos/android-studio/jre/jre/lib/amd64/libnet.so
7f233cc8b000-7f233cc8c000 rw-p 00016000 fd:01 8137433                    /home/kmos/android-studio/jre/jre/lib/amd64/libnet.so
7f233cc8c000-7f233ccb3000 rw-p 00000000 00:00 0 
7f233ccb3000-7f233ccce000 r-xp 00000000 fd:01 8137432                    /home/kmos/android-studio/jre/jre/lib/amd64/libzip.so
7f233ccce000-7f233cccf000 rw-p 0001a000 fd:01 8137432                    /home/kmos/android-studio/jre/jre/lib/amd64/libzip.so
7f233cccf000-7f233ccd7000 rw-s 00000000 fd:01 684283                     /tmp/hsperfdata_kmos/1195
7f233ccd7000-7f233cd01000 r-xp 00000000 fd:01 8137431                    /home/kmos/android-studio/jre/jre/lib/amd64/libjava.so
7f233cd01000-7f233cd03000 rw-p 0002a000 fd:01 8137431                    /home/kmos/android-studio/jre/jre/lib/amd64/libjava.so
7f233cd03000-7f233cd04000 ---p 00000000 00:00 0 
7f233cd04000-7f233cd07000 ---p 00000000 00:00 0 
7f233cd07000-7f233ce06000 rw-p 00000000 00:00 0 
7f233ce06000-7f233ce1c000 r-xp 00000000 fd:01 8137521                    /home/kmos/android-studio/jre/lib/amd64/jli/libjli.so
7f233ce1c000-7f233ce1d000 rw-p 00015000 fd:01 8137521                    /home/kmos/android-studio/jre/lib/amd64/jli/libjli.so
7f233ce1d000-7f233ce1f000 rw-p 00000000 00:00 0 
7f233ce1f000-7f233ce21000 r--s 00020000 fd:01 8257553                    /home/kmos/android-studio/plugins/junit/lib/junit-rt.jar
7f233ce21000-7f233ce23000 r--s 0001b000 fd:01 8138349                    /home/kmos/android-studio/lib/idea_rt.jar
7f233ce23000-7f233ce2d000 r-xp 00000000 fd:01 8137419                    /home/kmos/android-studio/jre/jre/lib/amd64/libinstrument.so
7f233ce2d000-7f233ce2e000 rw-p 00009000 fd:01 8137419                    /home/kmos/android-studio/jre/jre/lib/amd64/libinstrument.so
7f233ce2e000-7f233ce2f000 rw-p 00000000 00:00 0 
7f233ce2f000-7f233ce30000 ---p 00000000 00:00 0 
7f233ce30000-7f233ce3d000 r-xp 00000000 fd:01 8137425                    /home/kmos/android-studio/jre/jre/lib/amd64/libverify.so
7f233ce3d000-7f233ce3f000 rw-p 0000c000 fd:01 8137425                    /home/kmos/android-studio/jre/jre/lib/amd64/libverify.so
7f233ce3f000-7f233ce40000 r--p 00027000 fd:01 11670152                   /lib/x86_64-linux-gnu/ld-2.27.so
7f233ce40000-7f233ce41000 rw-p 00028000 fd:01 11670152                   /lib/x86_64-linux-gnu/ld-2.27.so
7f233ce41000-7f233ce42000 rw-p 00000000 00:00 0 
7ffc22eb4000-7ffc22ed8000 rw-p 00000000 00:00 0                          [stack]
7ffc22f17000-7ffc22f1a000 r--p 00000000 00:00 0                          [vvar]
7ffc22f1a000-7ffc22f1c000 r-xp 00000000 00:00 0                          [vdso]
ffffffffff600000-ffffffffff601000 r-xp 00000000 00:00 0                  [vsyscall]

VM Arguments:
jvm_args: -ea -Didea.test.cyclic.buffer.size=1048576 -javaagent:/home/kmos/android-studio/lib/idea_rt.jar=42749:/home/kmos/android-studio/bin -Dfile.encoding=UTF-8 
java_command: com.intellij.rt.execution.junit.JUnitStarter -ideVersion5 -junit4 com.pluralsight.candycoded._1_StartTheStoreInformationActivity,mainactivity_onoptionitemselected_return_super
java_class_path (initial): /home/kmos/android-studio/lib/idea_rt.jar:/home/kmos/android-studio/plugins/junit/lib/junit-rt.jar:/home/kmos/android-studio/plugins/junit/lib/junit5-rt.jar:/home/kmos/Android/Sdk/platforms/android-25/data/res:/home/kmos/remotejobs/Android-CandyCodedApplication/app/build/intermediates/classes/test/debug:/home/kmos/remotejobs/Android-CandyCodedApplication/app/build/intermediates/classes/debug:/home/kmos/remotejobs/Android-CandyCodedApplication/app/build/intermediates/sourceFolderJavaResources/test/debug:/home/kmos/remotejobs/Android-CandyCodedApplication/app/build/generated/res/rs/debug:/home/kmos/remotejobs/Android-CandyCodedApplication/app/build/generated/res/resValues/debug:/home/kmos/.gradle/caches/modules-2/files-2.1/org.hamcrest/hamcrest-library/1.3/4785a3c21320980282f9f33d0d1264a69040538f/hamcrest-library-1.3.jar:/home/kmos/.gradle/caches/modules-2/files-2.1/junit/junit/4.12/2973d150c0dc1fefe998f834810d68f278ea58ec/junit-4.12.jar:/home/kmos/.gradle/caches/modules-2/files-2.1/org.hamcrest/hamcrest-core/1.3/42a25dc3219429f0e5d060061f71acb49bf010a0/hamcrest-core-1.3.jar:/home/kmos/.gradle/caches/modules-2/files-2.1/org.powermock/powermock-module-junit4/1.7.1/b68666adbfc6a282a231f3af7a593aad3ee0e002/powermock-module-junit4-1.7.1.jar:/home/kmos/.gradle/caches/modules-2/files-2.1/org.powermock/powermock-module-junit4-common/1.7.1/cfd1f8fb63e50ae4c409ace696136ec3d595e832/powermock-module-junit4-common-1.7.1.jar:/home/kmos/.gradle/caches/modules-2/files-2.1/com.github.javaparser/javaparser-core/3.0.1/49c49fe9c0d1d21e4777bef6788a92ef15d2a241/javaparser-core-3.0.1.jar:/home/kmos/.gradle/caches/modules-2/files-2.1/org.powermock/powermock-api-mockito2/1.7.1/957158530a6e4552fa3addc979d62dcf3e1b1c74/powermock-api-mockito2-1.7.1.jar:/home/kmos/.gradle/caches/modules-2/files-2.1/org.powermock/powermock-api-mockito-common/1.7.1/bca2184da31c19799cf79e8567d86c5427bbdf3d/powermock-api-mockito-common-1.7.1.jar:/home/kmos/.gradle/caches/modules-2/files-
Launcher Type: SUN_STANDARD

Environment Variables:
PATH=/usr/local/sbin:/usr/local/bin:/usr/sbin:/usr/bin:/sbin:/bin:/usr/games:/usr/local/games:/snap/bin
SHELL=/bin/bash
DISPLAY=:0

Signal Handlers:
SIGSEGV: [libjvm.so+0xa09650], sa_mask[0]=11111111011111111101111111111110, sa_flags=SA_RESTART|SA_SIGINFO
SIGBUS: [libjvm.so+0xa09650], sa_mask[0]=11111111011111111101111111111110, sa_flags=SA_RESTART|SA_SIGINFO
SIGFPE: [libjvm.so+0x86bc60], sa_mask[0]=11111111011111111101111111111110, sa_flags=SA_RESTART|SA_SIGINFO
SIGPIPE: [libjvm.so+0x86bc60], sa_mask[0]=11111111011111111101111111111110, sa_flags=SA_RESTART|SA_SIGINFO
SIGXFSZ: [libjvm.so+0x86bc60], sa_mask[0]=11111111011111111101111111111110, sa_flags=SA_RESTART|SA_SIGINFO
SIGILL: [libjvm.so+0x86bc60], sa_mask[0]=11111111011111111101111111111110, sa_flags=SA_RESTART|SA_SIGINFO
SIGUSR1: SIG_DFL, sa_mask[0]=00000000000000000000000000000000, sa_flags=none
SIGUSR2: [libjvm.so+0x86bb30], sa_mask[0]=00100000000000000000000000000000, sa_flags=SA_RESTART|SA_SIGINFO
SIGHUP: [libjvm.so+0x86bd20], sa_mask[0]=11111111011111111101111111111110, sa_flags=SA_RESTART|SA_SIGINFO
SIGINT: [libjvm.so+0x86bd20], sa_mask[0]=11111111011111111101111111111110, sa_flags=SA_RESTART|SA_SIGINFO
SIGTERM: [libjvm.so+0x86bd20], sa_mask[0]=11111111011111111101111111111110, sa_flags=SA_RESTART|SA_SIGINFO
SIGQUIT: [libjvm.so+0x86bd20], sa_mask[0]=11111111011111111101111111111110, sa_flags=SA_RESTART|SA_SIGINFO


---------------  S Y S T E M  ---------------

OS:DISTRIB_ID=elementary
DISTRIB_RELEASE=5.0
DISTRIB_CODENAME=juno
DISTRIB_DESCRIPTION="elementary OS 5.0 Juno"

uname:Linux 4.15.0-66-generic #75-Ubuntu SMP Tue Oct 1 05:24:09 UTC 2019 x86_64
libc:glibc 2.27 NPTL 2.27 
rlimit: STACK 8192k, CORE 0k, NPROC 31239, NOFILE 1048576, AS infinity
load average:10.55 3.37 1.84

/proc/meminfo:
MemTotal:        8062852 kB
MemFree:          119596 kB
MemAvailable:      29964 kB
Buffers:             640 kB
Cached:           508364 kB
SwapCached:        17780 kB
Active:          6638544 kB
Inactive:         962272 kB
Active(anon):    6632468 kB
Inactive(anon):   943232 kB
Active(file):       6076 kB
Inactive(file):    19040 kB
Unevictable:         184 kB
Mlocked:             184 kB
SwapTotal:       1003516 kB
SwapFree:              0 kB
Dirty:               164 kB
Writeback:             0 kB
AnonPages:       7075336 kB
Mapped:           352284 kB
Shmem:            483272 kB
Slab:             178184 kB
SReclaimable:      69204 kB
SUnreclaim:       108980 kB
KernelStack:       15280 kB
PageTables:        77260 kB
NFS_Unstable:          0 kB
Bounce:                0 kB
WritebackTmp:          0 kB
CommitLimit:     5034940 kB
Committed_AS:   13989592 kB
VmallocTotal:   34359738367 kB
VmallocUsed:           0 kB
VmallocChunk:          0 kB
HardwareCorrupted:     0 kB
AnonHugePages:         0 kB
ShmemHugePages:        0 kB
ShmemPmdMapped:        0 kB
CmaTotal:              0 kB
CmaFree:               0 kB
HugePages_Total:       0
HugePages_Free:        0
HugePages_Rsvd:        0
HugePages_Surp:        0
Hugepagesize:       2048 kB
DirectMap4k:      257536 kB
DirectMap2M:     8026112 kB
DirectMap1G:           0 kB

container (cgroup) information:
container_type: cgroupv1
cpu_cpuset_cpus: 0-3
cpu_memory_nodes: 0
active_processor_count: 4
cpu_quota: -1
cpu_period: 100000
cpu_shares: -1
memory_limit_in_bytes: -1
memory_and_swap_limit_in_bytes: -2
memory_soft_limit_in_bytes: -1
memory_usage_in_bytes: 7799586816
memory_max_usage_in_bytes: 7803215872


CPU:total 4 (initial active 4) (2 cores per cpu, 2 threads per core) family 6 model 69 stepping 1, cmov, cx8, fxsr, mmx, sse, sse2, sse3, ssse3, sse4.1, sse4.2, popcnt, avx, avx2, aes, clmul, erms, lzcnt, ht, tsc, tscinvbit, bmi1, bmi2

/proc/cpuinfo:
processor	: 0
vendor_id	: GenuineIntel
cpu family	: 6
model		: 69
model name	: Intel(R) Core(TM) i7-4600U CPU @ 2.10GHz
stepping	: 1
microcode	: 0x25
cpu MHz		: 2993.146
cache size	: 4096 KB
physical id	: 0
siblings	: 4
core id		: 0
cpu cores	: 2
apicid		: 0
initial apicid	: 0
fpu		: yes
fpu_exception	: yes
cpuid level	: 13
wp		: yes
flags		: fpu vme de pse tsc msr pae mce cx8 apic sep mtrr pge mca cmov pat pse36 clflush dts acpi mmx fxsr sse sse2 ss ht tm pbe syscall nx pdpe1gb rdtscp lm constant_tsc arch_perfmon pebs bts rep_good nopl xtopology nonstop_tsc cpuid aperfmperf pni pclmulqdq dtes64 monitor ds_cpl vmx smx est tm2 ssse3 sdbg fma cx16 xtpr pdcm pcid sse4_1 sse4_2 x2apic movbe popcnt tsc_deadline_timer aes xsave avx f16c rdrand lahf_lm abm cpuid_fault epb invpcid_single pti ssbd ibrs ibpb stibp tpr_shadow vnmi flexpriority ept vpid fsgsbase tsc_adjust bmi1 avx2 smep bmi2 erms invpcid xsaveopt dtherm ida arat pln pts md_clear flush_l1d
bugs		: cpu_meltdown spectre_v1 spectre_v2 spec_store_bypass l1tf mds swapgs
bogomips	: 5387.66
clflush size	: 64
cache_alignment	: 64
address sizes	: 39 bits physical, 48 bits virtual
power management:

processor	: 1
vendor_id	: GenuineIntel
cpu family	: 6
model		: 69
model name	: Intel(R) Core(TM) i7-4600U CPU @ 2.10GHz
stepping	: 1
microcode	: 0x25
cpu MHz		: 2993.144
cache size	: 4096 KB
physical id	: 0
siblings	: 4
core id		: 0
cpu cores	: 2
apicid		: 1
initial apicid	: 1
fpu		: yes
fpu_exception	: yes
cpuid level	: 13
wp		: yes
flags		: fpu vme de pse tsc msr pae mce cx8 apic sep mtrr pge mca cmov pat pse36 clflush dts acpi mmx fxsr sse sse2 ss ht tm pbe syscall nx pdpe1gb rdtscp lm constant_tsc arch_perfmon pebs bts rep_good nopl xtopology nonstop_tsc cpuid aperfmperf pni pclmulqdq dtes64 monitor ds_cpl vmx smx est tm2 ssse3 sdbg fma cx16 xtpr pdcm pcid sse4_1 sse4_2 x2apic movbe popcnt tsc_deadline_timer aes xsave avx f16c rdrand lahf_lm abm cpuid_fault epb invpcid_single pti ssbd ibrs ibpb stibp tpr_shadow vnmi flexpriority ept vpid fsgsbase tsc_adjust bmi1 avx2 smep bmi2 erms invpcid xsaveopt dtherm ida arat pln pts md_clear flush_l1d
bugs		: cpu_meltdown spectre_v1 spectre_v2 spec_store_bypass l1tf mds swapgs
bogomips	: 5387.66
clflush size	: 64
cache_alignment	: 64
address sizes	: 39 bits physical, 48 bits virtual
power management:

processor	: 2
vendor_id	: GenuineIntel
cpu family	: 6
model		: 69
model name	: Intel(R) Core(TM) i7-4600U CPU @ 2.10GHz
stepping	: 1
microcode	: 0x25
cpu MHz		: 2993.160
cache size	: 4096 KB
physical id	: 0
siblings	: 4
core id		: 1
cpu cores	: 2
apicid		: 2
initial apicid	: 2
fpu		: yes
fpu_exception	: yes
cpuid level	: 13
wp		: yes
flags		: fpu vme de pse tsc msr pae mce cx8 apic sep mtrr pge mca cmov pat pse36 clflush dts acpi mmx fxsr sse sse2 ss ht tm pbe syscall nx pdpe1gb rdtscp lm constant_tsc arch_perfmon pebs bts rep_good nopl xtopology nonstop_tsc cpuid aperfmperf pni pclmulqdq dtes64 monitor ds_cpl vmx smx est tm2 ssse3 sdbg fma cx16 xtpr pdcm pcid sse4_1 sse4_2 x2apic movbe popcnt tsc_deadline_timer aes xsave avx f16c rdrand lahf_lm abm cpuid_fault epb invpcid_single pti ssbd ibrs ibpb stibp tpr_shadow vnmi flexpriority ept vpid fsgsbase tsc_adjust bmi1 avx2 smep bmi2 erms invpcid xsaveopt dtherm ida arat pln pts md_clear flush_l1d
bugs		: cpu_meltdown spectre_v1 spectre_v2 spec_store_bypass l1tf mds swapgs
bogomips	: 5387.66
clflush size	: 64
cache_alignment	: 64
address sizes	: 39 bits physical, 48 bits virtual
power management:

processor	: 3
vendor_id	: GenuineIntel
cpu family	: 6
model		: 69
model name	: Intel(R) Core(TM) i7-4600U CPU @ 2.10GHz
stepping	: 1
microcode	: 0x25
cpu MHz		: 2993.171
cache size	: 4096 KB
physical id	: 0
siblings	: 4
core id		: 1
cpu cores	: 2
apicid		: 3
initial apicid	: 3
fpu		: yes
fpu_exception	: yes
cpuid level	: 13
wp		: yes
flags		: fpu vme de pse tsc msr pae mce cx8 apic sep mtrr pge mca cmov pat pse36 clflush dts acpi mmx fxsr sse sse2 ss ht tm pbe syscall nx pdpe1gb rdtscp lm constant_tsc arch_perfmon pebs bts rep_good nopl xtopology nonstop_tsc cpuid aperfmperf pni pclmulqdq dtes64 monitor ds_cpl vmx smx est tm2 ssse3 sdbg fma cx16 xtpr pdcm pcid sse4_1 sse4_2 x2apic movbe popcnt tsc_deadline_timer aes xsave avx f16c rdrand lahf_lm abm cpuid_fault epb invpcid_single pti ssbd ibrs ibpb stibp tpr_shadow vnmi flexpriority ept vpid fsgsbase tsc_adjust bmi1 avx2 smep bmi2 erms invpcid xsaveopt dtherm ida arat pln pts md_clear flush_l1d
bugs		: cpu_meltdown spectre_v1 spectre_v2 spec_store_bypass l1tf mds swapgs
bogomips	: 5387.66
clflush size	: 64
cache_alignment	: 64
address sizes	: 39 bits physical, 48 bits virtual
power management:



Memory: 4k page, physical 8062852k(115788k free), swap 1003516k(0k free)

vm_info: OpenJDK 64-Bit Server VM (25.202-b49-5587405) for linux-amd64 JRE (1.8.0_202-release-1483-b49-5587405), built by "android-build" with gcc 4.8

time: Tue Oct 29 14:29:46 2019
timezone: EAT
elapsed time: 25 seconds (0d 0h 0m 25s)

