#
# There is insufficient memory for the Java Runtime Environment to continue.
# Native memory allocation (mmap) failed to map 138412032 bytes for committing reserved memory.
# Possible reasons:
#   The system is out of physical RAM or swap space
#   The process is running with CompressedOops enabled, and the Java Heap may be blocking the growth of the native heap
# Possible solutions:
#   Reduce memory load on the system
#   Increase physical memory or swap space
#   Check if swap backing store is full
#   Decrease Java heap size (-Xmx/-Xms)
#   Decrease number of Java threads
#   Decrease Java thread stack sizes (-Xss)
#   Set larger code cache with -XX:ReservedCodeCacheSize=
#   JVM is running with Unscaled Compressed Oops mode in which the Java heap is
#     placed in the first 4GB address space. The Java Heap base address is the
#     maximum limit for the native heap growth. Please use -XX:HeapBaseMinAddress
#     to set the Java Heap base and to place the Java Heap above 4GB virtual address.
# This output file may be truncated or incomplete.
#
#  Out of Memory Error (os_linux.cpp:2753), pid=1085, tid=0x00007f159b7f7700
#
# JRE version: OpenJDK Runtime Environment (8.0_202) (build 1.8.0_202-release-1483-b49-5587405)
# Java VM: OpenJDK 64-Bit Server VM (25.202-b49-5587405 mixed mode linux-amd64 compressed oops)
# Failed to write core dump. Core dumps have been disabled. To enable core dumping, try "ulimit -c unlimited" before starting Java again
#

---------------  T H R E A D  ---------------

Current thread (0x00007f15b8147000):  VMThread [stack: 0x00007f159b6f8000,0x00007f159b7f8000] [id=1093]

Stack: [0x00007f159b6f8000,0x00007f159b7f8000],  sp=0x00007f159b7f6510,  free space=1017k
Native frames: (J=compiled Java code, j=interpreted, Vv=VM code, C=native code)
V  [libjvm.so+0xa08b78]  VMError::report_and_die()+0x148
V  [libjvm.so+0x4d412a]  report_vm_out_of_memory(char const*, int, unsigned long, VMErrorType, char const*)+0x8a
V  [libjvm.so+0x870478]  os::pd_commit_memory(char*, unsigned long, unsigned long, bool)+0xd8
V  [libjvm.so+0x867f9f]  os::commit_memory(char*, unsigned long, unsigned long, bool)+0x1f
V  [libjvm.so+0x8e14eb]  PSVirtualSpace::expand_by(unsigned long)+0x5b
V  [libjvm.so+0x8e2140]  PSYoungGen::resize_generation(unsigned long, unsigned long)+0xb0
V  [libjvm.so+0x8e245b]  PSYoungGen::resize(unsigned long, unsigned long)+0x1b
V  [libjvm.so+0x8deb8e]  PSScavenge::invoke_no_policy()+0xdce
V  [libjvm.so+0x8df348]  PSScavenge::invoke()+0x38
V  [libjvm.so+0x893763]  ParallelScavengeHeap::failed_mem_allocate(unsigned long)+0x63
V  [libjvm.so+0xa0a644]  VM_ParallelGCFailedAllocation::doit()+0x84
V  [libjvm.so+0xa0ea17]  VM_Operation::evaluate()+0x47
V  [libjvm.so+0xa0d498]  VMThread::evaluate_operation(VM_Operation*)+0x218
V  [libjvm.so+0xa0d8d1]  VMThread::loop()+0x1f1
V  [libjvm.so+0xa0dd02]  VMThread::run()+0x72
V  [libjvm.so+0x86d652]  java_start(Thread*)+0xf2

VM_Operation (0x00007f15bf81b270): ParallelGCFailedAllocation, mode: safepoint, requested by thread 0x00007f15b8012000


---------------  P R O C E S S  ---------------

Java Threads: ( => current thread )
  0x00007f157c001000 JavaThread "Attach Listener" daemon [_thread_blocked, id=1118, stack(0x00007f1598ef2000,0x00007f1598ff3000)]
  0x00007f15b81c7000 JavaThread "Service Thread" daemon [_thread_blocked, id=1106, stack(0x00007f15991db000,0x00007f15992dc000)]
  0x00007f15b81b0000 JavaThread "C1 CompilerThread2" daemon [_thread_blocked, id=1104, stack(0x00007f15992dd000,0x00007f15993dd000)]
  0x00007f15b81ae800 JavaThread "C2 CompilerThread1" daemon [_thread_in_native, id=1103, stack(0x00007f15993de000,0x00007f15994de000)]
  0x00007f15b81a8000 JavaThread "C2 CompilerThread0" daemon [_thread_blocked, id=1100, stack(0x00007f15994df000,0x00007f15995df000)]
  0x00007f15b81a6800 JavaThread "Monitor Ctrl-Break" daemon [_thread_in_native, id=1099, stack(0x00007f15995df000,0x00007f15996e0000)]
  0x00007f15b8184800 JavaThread "Signal Dispatcher" daemon [_thread_blocked, id=1098, stack(0x00007f15996e0000,0x00007f15997e1000)]
  0x00007f15b8153000 JavaThread "Finalizer" daemon [_thread_blocked, id=1097, stack(0x00007f159b4f5000,0x00007f159b5f6000)]
  0x00007f15b8150800 JavaThread "Reference Handler" daemon [_thread_blocked, id=1094, stack(0x00007f159b5f6000,0x00007f159b6f7000)]
  0x00007f15b8012000 JavaThread "main" [_thread_blocked, id=1086, stack(0x00007f15bf71f000,0x00007f15bf81f000)]

Other Threads:
=>0x00007f15b8147000 VMThread [stack: 0x00007f159b6f8000,0x00007f159b7f8000] [id=1093]
  0x00007f15b81c9800 WatcherThread [stack: 0x00007f15990db000,0x00007f15991db000] [id=1108]

VM state:at safepoint (normal execution)

VM Mutex/Monitor currently owned by a thread:  ([mutex/lock_event])
[0x00007f15b80076b0] Threads_lock - owner thread: 0x00007f15b8147000
[0x00007f15b8007bb0] Heap_lock - owner thread: 0x00007f15b8012000

heap address: 0x0000000084e00000, size: 1970 MB, Compressed Oops mode: 32-bit
Narrow klass base: 0x0000000000000000, Narrow klass shift: 3
Compressed class space size: 1073741824 Address: 0x0000000100000000

Heap:
 PSYoungGen      total 132096K, used 5095K [0x00000000d6f80000, 0x00000000df580000, 0x0000000100000000)
  eden space 126976K, 0% used [0x00000000d6f80000,0x00000000d6f80000,0x00000000deb80000)
  from space 5120K, 99% used [0x00000000deb80000,0x00000000df079f90,0x00000000df080000)
  to   space 5120K, 0% used [0x00000000df080000,0x00000000df080000,0x00000000df580000)
 ParOldGen       total 84992K, used 5335K [0x0000000084e00000, 0x000000008a100000, 0x00000000d6f80000)
  object space 84992K, 6% used [0x0000000084e00000,0x0000000085335d00,0x000000008a100000)
 Metaspace       used 12998K, capacity 13188K, committed 13312K, reserved 1060864K
  class space    used 1450K, capacity 1532K, committed 1536K, reserved 1048576K

Card table byte_map: [0x00007f15bcb63000,0x00007f15bcf3d000] byte_map_base: 0x00007f15bc73c000

Marking Bits: (ParMarkBitMap*) 0x00007f15bedf0920
 Begin Bits: [0x00007f15a0270000, 0x00007f15a2138000)
 End Bits:   [0x00007f15a2138000, 0x00007f15a4000000)

Polling page: 0x00007f15bf84a000

CodeCache: size=245760Kb used=6368Kb max_used=6380Kb free=239391Kb
 bounds [0x00007f15a9000000, 0x00007f15a9640000, 0x00007f15b8000000]
 total_blobs=2063 nmethods=1742 adapters=235
 compilation: enabled

Compilation events (10 events):
Event: 2.927 Thread 0x00007f15b81b0000 1757   !   3       java.io.FilterOutputStream::close (83 bytes)
Event: 2.928 Thread 0x00007f15b81b0000 nmethod 1757 0x00007f15a961e050 code [0x00007f15a961e220, 0x00007f15a961e8e8]
Event: 2.928 Thread 0x00007f15b81a8000 nmethod 1751 0x00007f15a963e690 code [0x00007f15a963e840, 0x00007f15a963ee28]
Event: 2.928 Thread 0x00007f15b81a8000 1293       4       javassist.bytecode.stackmap.TypeData$TypeVar::isNullType (24 bytes)
Event: 2.929 Thread 0x00007f15b81a8000 nmethod 1293 0x00007f15a961dbd0 code [0x00007f15a961dd40, 0x00007f15a961de58]
Event: 2.929 Thread 0x00007f15b81a8000 1752  s    4       java.lang.StringBuffer::toString (36 bytes)
Event: 2.934 Thread 0x00007f15b81a8000 nmethod 1752 0x00007f15a963f410 code [0x00007f15a963f580, 0x00007f15a963fb18]
Event: 2.934 Thread 0x00007f15b81a8000 1758       4       java.io.File::isInvalid (47 bytes)
Event: 2.937 Thread 0x00007f15b81a8000 nmethod 1758 0x00007f15a9624d10 code [0x00007f15a9624e60, 0x00007f15a9625018]
Event: 2.937 Thread 0x00007f15b81a8000 1759       4       java.io.File::exists (43 bytes)

GC Heap History (9 events):
Event: 0.809 GC heap before
{Heap before GC invocations=1 (full 0):
 PSYoungGen      total 36864K, used 31744K [0x00000000d6f80000, 0x00000000d9880000, 0x0000000100000000)
  eden space 31744K, 100% used [0x00000000d6f80000,0x00000000d8e80000,0x00000000d8e80000)
  from space 5120K, 0% used [0x00000000d9380000,0x00000000d9380000,0x00000000d9880000)
  to   space 5120K, 0% used [0x00000000d8e80000,0x00000000d8e80000,0x00000000d9380000)
 ParOldGen       total 84992K, used 0K [0x0000000084e00000, 0x000000008a100000, 0x00000000d6f80000)
  object space 84992K, 0% used [0x0000000084e00000,0x0000000084e00000,0x000000008a100000)
 Metaspace       used 6789K, capacity 6862K, committed 7040K, reserved 1056768K
  class space    used 774K, capacity 815K, committed 896K, reserved 1048576K
Event: 0.821 GC heap after
Heap after GC invocations=1 (full 0):
 PSYoungGen      total 36864K, used 4054K [0x00000000d6f80000, 0x00000000db780000, 0x0000000100000000)
  eden space 31744K, 0% used [0x00000000d6f80000,0x00000000d6f80000,0x00000000d8e80000)
  from space 5120K, 79% used [0x00000000d8e80000,0x00000000d92758d8,0x00000000d9380000)
  to   space 5120K, 0% used [0x00000000db280000,0x00000000db280000,0x00000000db780000)
 ParOldGen       total 84992K, used 8K [0x0000000084e00000, 0x000000008a100000, 0x00000000d6f80000)
  object space 84992K, 0% used [0x0000000084e00000,0x0000000084e02000,0x000000008a100000)
 Metaspace       used 6789K, capacity 6862K, committed 7040K, reserved 1056768K
  class space    used 774K, capacity 815K, committed 896K, reserved 1048576K
}
Event: 1.275 GC heap before
{Heap before GC invocations=2 (full 0):
 PSYoungGen      total 36864K, used 35798K [0x00000000d6f80000, 0x00000000db780000, 0x0000000100000000)
  eden space 31744K, 100% used [0x00000000d6f80000,0x00000000d8e80000,0x00000000d8e80000)
  from space 5120K, 79% used [0x00000000d8e80000,0x00000000d92758d8,0x00000000d9380000)
  to   space 5120K, 0% used [0x00000000db280000,0x00000000db280000,0x00000000db780000)
 ParOldGen       total 84992K, used 8K [0x0000000084e00000, 0x000000008a100000, 0x00000000d6f80000)
  object space 84992K, 0% used [0x0000000084e00000,0x0000000084e02000,0x000000008a100000)
 Metaspace       used 8012K, capacity 8268K, committed 8448K, reserved 1056768K
  class space    used 877K, capacity 984K, committed 1024K, reserved 1048576K
Event: 1.287 GC heap after
Heap after GC invocations=2 (full 0):
 PSYoungGen      total 68608K, used 4833K [0x00000000d6f80000, 0x00000000db780000, 0x0000000100000000)
  eden space 63488K, 0% used [0x00000000d6f80000,0x00000000d6f80000,0x00000000dad80000)
  from space 5120K, 94% used [0x00000000db280000,0x00000000db738458,0x00000000db780000)
  to   space 5120K, 0% used [0x00000000dad80000,0x00000000dad80000,0x00000000db280000)
 ParOldGen       total 84992K, used 16K [0x0000000084e00000, 0x000000008a100000, 0x00000000d6f80000)
  object space 84992K, 0% used [0x0000000084e00000,0x0000000084e04000,0x000000008a100000)
 Metaspace       used 8012K, capacity 8268K, committed 8448K, reserved 1056768K
  class space    used 877K, capacity 984K, committed 1024K, reserved 1048576K
}
Event: 1.783 GC heap before
{Heap before GC invocations=3 (full 0):
 PSYoungGen      total 68608K, used 68321K [0x00000000d6f80000, 0x00000000db780000, 0x0000000100000000)
  eden space 63488K, 100% used [0x00000000d6f80000,0x00000000dad80000,0x00000000dad80000)
  from space 5120K, 94% used [0x00000000db280000,0x00000000db738458,0x00000000db780000)
  to   space 5120K, 0% used [0x00000000dad80000,0x00000000dad80000,0x00000000db280000)
 ParOldGen       total 84992K, used 16K [0x0000000084e00000, 0x000000008a100000, 0x00000000d6f80000)
  object space 84992K, 0% used [0x0000000084e00000,0x0000000084e04000,0x000000008a100000)
 Metaspace       used 8396K, capacity 8588K, committed 8704K, reserved 1056768K
  class space    used 883K, capacity 984K, committed 1024K, reserved 1048576K
Event: 1.792 GC heap after
Heap after GC invocations=3 (full 0):
 PSYoungGen      total 68608K, used 5093K [0x00000000d6f80000, 0x00000000df580000, 0x0000000100000000)
  eden space 63488K, 0% used [0x00000000d6f80000,0x00000000d6f80000,0x00000000dad80000)
  from space 5120K, 99% used [0x00000000dad80000,0x00000000db2797b8,0x00000000db280000)
  to   space 5120K, 0% used [0x00000000df080000,0x00000000df080000,0x00000000df580000)
 ParOldGen       total 84992K, used 1135K [0x0000000084e00000, 0x000000008a100000, 0x00000000d6f80000)
  object space 84992K, 1% used [0x0000000084e00000,0x0000000084f1bce8,0x000000008a100000)
 Metaspace       used 8396K, capacity 8588K, committed 8704K, reserved 1056768K
  class space    used 883K, capacity 984K, committed 1024K, reserved 1048576K
}
Event: 2.139 GC heap before
{Heap before GC invocations=4 (full 0):
 PSYoungGen      total 68608K, used 68581K [0x00000000d6f80000, 0x00000000df580000, 0x0000000100000000)
  eden space 63488K, 100% used [0x00000000d6f80000,0x00000000dad80000,0x00000000dad80000)
  from space 5120K, 99% used [0x00000000dad80000,0x00000000db2797b8,0x00000000db280000)
  to   space 5120K, 0% used [0x00000000df080000,0x00000000df080000,0x00000000df580000)
 ParOldGen       total 84992K, used 1135K [0x0000000084e00000, 0x000000008a100000, 0x00000000d6f80000)
  object space 84992K, 1% used [0x0000000084e00000,0x0000000084f1bce8,0x000000008a100000)
 Metaspace       used 8695K, capacity 8940K, committed 8960K, reserved 1056768K
  class space    used 923K, capacity 1016K, committed 1024K, reserved 1048576K
Event: 2.148 GC heap after
Heap after GC invocations=4 (full 0):
 PSYoungGen      total 132096K, used 4880K [0x00000000d6f80000, 0x00000000df580000, 0x0000000100000000)
  eden space 126976K, 0% used [0x00000000d6f80000,0x00000000d6f80000,0x00000000deb80000)
  from space 5120K, 95% used [0x00000000df080000,0x00000000df544010,0x00000000df580000)
  to   space 5120K, 0% used [0x00000000deb80000,0x00000000deb80000,0x00000000df080000)
 ParOldGen       total 84992K, used 1143K [0x0000000084e00000, 0x000000008a100000, 0x00000000d6f80000)
  object space 84992K, 1% used [0x0000000084e00000,0x0000000084f1dce8,0x000000008a100000)
 Metaspace       used 8695K, capacity 8940K, committed 8960K, reserved 1056768K
  class space    used 923K, capacity 1016K, committed 1024K, reserved 1048576K
}
Event: 2.938 GC heap before
{Heap before GC invocations=5 (full 0):
 PSYoungGen      total 132096K, used 131856K [0x00000000d6f80000, 0x00000000df580000, 0x0000000100000000)
  eden space 126976K, 100% used [0x00000000d6f80000,0x00000000deb80000,0x00000000deb80000)
  from space 5120K, 95% used [0x00000000df080000,0x00000000df544010,0x00000000df580000)
  to   space 5120K, 0% used [0x00000000deb80000,0x00000000deb80000,0x00000000df080000)
 ParOldGen       total 84992K, used 1143K [0x0000000084e00000, 0x000000008a100000, 0x00000000d6f80000)
  object space 84992K, 1% used [0x0000000084e00000,0x0000000084f1dce8,0x000000008a100000)
 Metaspace       used 12998K, capacity 13188K, committed 13312K, reserved 1060864K
  class space    used 1450K, capacity 1532K, committed 1536K, reserved 1048576K

Deoptimization events (10 events):
Event: 0.893 Thread 0x00007f15b8012000 Uncommon trap: reason=unstable_if action=reinterpret pc=0x00007f15a91db36c method=org.powermock.core.WildcardMatcher.matches(Ljava/lang/String;Ljava/lang/String;)Z @ 153
Event: 1.224 Thread 0x00007f157c001000 Uncommon trap: reason=class_check action=maybe_recompile pc=0x00007f15a9308584 method=java.io.DataInputStream.readInt()I @ 4
Event: 1.224 Thread 0x00007f157c001000 Uncommon trap: reason=class_check action=maybe_recompile pc=0x00007f15a9308584 method=java.io.DataInputStream.readInt()I @ 4
Event: 1.224 Thread 0x00007f157c001000 Uncommon trap: reason=class_check action=maybe_recompile pc=0x00007f15a9308584 method=java.io.DataInputStream.readInt()I @ 4
Event: 1.224 Thread 0x00007f157c001000 Uncommon trap: reason=class_check action=maybe_recompile pc=0x00007f15a9308584 method=java.io.DataInputStream.readInt()I @ 4
Event: 1.338 Thread 0x00007f15b8012000 Uncommon trap: reason=unstable_if action=reinterpret pc=0x00007f15a939f8b8 method=javassist.bytecode.CodeIterator.nextOpcode([BI)I @ 29
Event: 1.360 Thread 0x00007f15b8012000 Uncommon trap: reason=unstable_if action=reinterpret pc=0x00007f15a92919a0 method=javassist.bytecode.LongVector.addElement(Ljavassist/bytecode/ConstInfo;)V @ 26
Event: 1.551 Thread 0x00007f15b8012000 Uncommon trap: reason=unstable_if action=reinterpret pc=0x00007f15a94e5404 method=java.util.HashMap$TreeNode.find(ILjava/lang/Object;Ljava/lang/Class;)Ljava/util/HashMap$TreeNode; @ 71
Event: 2.136 Thread 0x00007f15b8012000 Uncommon trap: reason=unstable_if action=reinterpret pc=0x00007f15a95632e8 method=javassist.bytecode.stackmap.TypeData$BasicType.is2WordType()Z @ 5
Event: 2.210 Thread 0x00007f15b8012000 Uncommon trap: reason=unloaded action=reinterpret pc=0x00007f15a92a2ccc method=javassist.bytecode.ConstPool.readOne(Ljava/io/DataInputStream;)I @ 124

Classes redefined (0 events):
No events

Internal exceptions (10 events):
Event: 0.444 Thread 0x00007f15b8012000 Exception <a 'java/lang/ClassNotFoundException': org/powermock/configuration/PowerMockConfigurationCustomizer> (0x00000000d7c6a308) thrown at [/usr/local/google/buildbot/src/googleplex-android/openjdk/out/hotspot/src/share/vm/classfile/systemDictionary.cp
Event: 0.445 Thread 0x00007f15b8012000 Exception <a 'java/lang/ArrayIndexOutOfBoundsException'> (0x00000000d7c6c3e8) thrown at [/usr/local/google/buildbot/src/googleplex-android/openjdk/out/hotspot/src/share/vm/runtime/sharedRuntime.cpp, line 605]
Event: 0.552 Thread 0x00007f15b8012000 Exception <a 'java/lang/NoSuchFieldError': method resolution failed> (0x00000000d8267340) thrown at [/usr/local/google/buildbot/src/googleplex-android/openjdk/out/hotspot/src/share/vm/prims/methodHandles.cpp, line 1167]
Event: 0.554 Thread 0x00007f15b8012000 Exception <a 'java/lang/NoSuchFieldError': method resolution failed> (0x00000000d8275300) thrown at [/usr/local/google/buildbot/src/googleplex-android/openjdk/out/hotspot/src/share/vm/prims/methodHandles.cpp, line 1167]
Event: 2.681 Thread 0x00007f15b8012000 Exception <a 'java/lang/ClassNotFoundException': org/powermock/configuration/MockitoConfigurationBeanInfo> (0x00000000dc22e298) thrown at [/usr/local/google/buildbot/src/googleplex-android/openjdk/out/hotspot/src/share/vm/classfile/systemDictionary.cpp, l
Event: 2.682 Thread 0x00007f15b8012000 Exception <a 'java/lang/ClassNotFoundException': org/powermock/configuration/MockitoConfigurationCustomizer> (0x00000000dc2633e0) thrown at [/usr/local/google/buildbot/src/googleplex-android/openjdk/out/hotspot/src/share/vm/classfile/systemDictionary.cpp,
Event: 2.684 Thread 0x00007f15b8012000 Exception <a 'java/lang/ArrayIndexOutOfBoundsException'> (0x00000000dc265658) thrown at [/usr/local/google/buildbot/src/googleplex-android/openjdk/out/hotspot/src/share/vm/runtime/sharedRuntime.cpp, line 605]
Event: 2.694 Thread 0x00007f15b8012000 Exception <a 'java/lang/ClassNotFoundException': org/powermock/configuration/PowerMockConfigurationBeanInfo> (0x00000000dc437438) thrown at [/usr/local/google/buildbot/src/googleplex-android/openjdk/out/hotspot/src/share/vm/classfile/systemDictionary.cpp,
Event: 2.694 Thread 0x00007f15b8012000 Exception <a 'java/lang/ClassNotFoundException': org/powermock/configuration/PowerMockConfigurationCustomizer> (0x00000000dc46df88) thrown at [/usr/local/google/buildbot/src/googleplex-android/openjdk/out/hotspot/src/share/vm/classfile/systemDictionary.cp
Event: 2.695 Thread 0x00007f15b8012000 Exception <a 'java/lang/ArrayIndexOutOfBoundsException'> (0x00000000dc46ffd8) thrown at [/usr/local/google/buildbot/src/googleplex-android/openjdk/out/hotspot/src/share/vm/runtime/sharedRuntime.cpp, line 605]

Events (10 events):
Event: 2.932 loading class net/bytebuddy/matcher/ElementMatcher$Junction$Disjunction done
Event: 2.934 loading class net/bytebuddy/TypeCache$Sort
Event: 2.934 loading class net/bytebuddy/TypeCache$Sort done
Event: 2.935 loading class net/bytebuddy/TypeCache$Sort$1
Event: 2.935 loading class net/bytebuddy/TypeCache$Sort$1 done
Event: 2.936 loading class net/bytebuddy/TypeCache$Sort$2
Event: 2.936 loading class net/bytebuddy/TypeCache$Sort$2 done
Event: 2.938 loading class org/mockito/plugins/StackTraceCleanerProvider
Event: 2.938 loading class org/mockito/plugins/StackTraceCleanerProvider done
Event: 2.938 Executing VM operation: ParallelGCFailedAllocation


Dynamic libraries:
00400000-00401000 r-xp 00000000 fd:01 8137505                            /home/kmos/android-studio/jre/bin/java
00401000-00402000 rw-p 00000000 fd:01 8137505                            /home/kmos/android-studio/jre/bin/java
01139000-0115a000 rw-p 00000000 00:00 0                                  [heap]
84e00000-8a100000 rw-p 00000000 00:00 0 
8a100000-d6f80000 ---p 00000000 00:00 0 
d6f80000-df580000 rw-p 00000000 00:00 0 
e7980000-100000000 ---p 00000000 00:00 0 
100000000-100180000 rw-p 00000000 00:00 0 
100180000-140000000 ---p 00000000 00:00 0 
7f1560000000-7f1560021000 rw-p 00000000 00:00 0 
7f1560021000-7f1564000000 ---p 00000000 00:00 0 
7f1564000000-7f1564038000 rw-p 00000000 00:00 0 
7f1564038000-7f1568000000 ---p 00000000 00:00 0 
7f1568000000-7f1568021000 rw-p 00000000 00:00 0 
7f1568021000-7f156c000000 ---p 00000000 00:00 0 
7f156c000000-7f156c7f1000 rw-p 00000000 00:00 0 
7f156c7f1000-7f1570000000 ---p 00000000 00:00 0 
7f1570fff000-7f1574000000 rw-p 00000000 00:00 0 
7f1574000000-7f1574fef000 rw-p 00000000 00:00 0 
7f1574fef000-7f1578000000 ---p 00000000 00:00 0 
7f1578000000-7f157907b000 rw-p 00000000 00:00 0 
7f157907b000-7f157c000000 ---p 00000000 00:00 0 
7f157c000000-7f157c021000 rw-p 00000000 00:00 0 
7f157c021000-7f1580000000 ---p 00000000 00:00 0 
7f1580000000-7f158002b000 rw-p 00000000 00:00 0 
7f158002b000-7f1584000000 ---p 00000000 00:00 0 
7f1584000000-7f1584021000 rw-p 00000000 00:00 0 
7f1584021000-7f1588000000 ---p 00000000 00:00 0 
7f1588000000-7f1588021000 rw-p 00000000 00:00 0 
7f1588021000-7f158c000000 ---p 00000000 00:00 0 
7f158c000000-7f158c021000 rw-p 00000000 00:00 0 
7f158c021000-7f1590000000 ---p 00000000 00:00 0 
7f1590000000-7f15902c2000 rw-p 00000000 00:00 0 
7f15902c2000-7f1594000000 ---p 00000000 00:00 0 
7f1594000000-7f1594021000 rw-p 00000000 00:00 0 
7f1594021000-7f1598000000 ---p 00000000 00:00 0 
7f1598af2000-7f1598c72000 rw-p 00000000 00:00 0 
7f1598c72000-7f1598cf2000 ---p 00000000 00:00 0 
7f1598cf2000-7f1598ef2000 rw-p 00000000 00:00 0 
7f1598ef2000-7f1598ef5000 ---p 00000000 00:00 0 
7f1598ef5000-7f1598ff3000 rw-p 00000000 00:00 0 
7f1598ff3000-7f1599006000 r--s 00345000 fd:01 8137379                    /home/kmos/android-studio/jre/jre/lib/resources.jar
7f1599006000-7f159903f000 r--s 001e2000 fd:01 14435512                   /home/kmos/remotejobs/Android-CandyCodedApplication/app/build/generated/mockable-android-25.default-values.v3.jar
7f159903f000-7f1599055000 r--s 000a7000 fd:01 683046                     /home/kmos/.gradle/caches/transforms-1/files-1.1/support-compat-25.3.0.aar/40c5f533fed0c58e4f3155304bab0968/jars/classes.jar
7f1599055000-7f159905a000 r--s 0003c000 fd:01 683031                     /home/kmos/.gradle/caches/transforms-1/files-1.1/support-core-ui-25.3.0.aar/5b0fcbe65212b6e88d39d996c66476f6/jars/classes.jar
7f159905a000-7f159905d000 r--s 00017000 fd:01 683023                     /home/kmos/.gradle/caches/transforms-1/files-1.1/support-core-utils-25.3.0.aar/a5ba2b5c5dc6dc788acf35233295e92e/jars/classes.jar
7f159905d000-7f1599065000 r--s 00047000 fd:01 683015                     /home/kmos/.gradle/caches/transforms-1/files-1.1/support-media-compat-25.3.0.aar/459df42b54f761e1bd34f742ff7369bf/jars/classes.jar
7f1599065000-7f1599068000 r--s 00026000 fd:01 14950822                   /home/kmos/.gradle/caches/transforms-1/files-1.1/support-fragment-25.3.0.aar/5b129e8906929bab2b8eaf778839c4cc/jars/classes.jar
7f1599068000-7f1599069000 r--s 00000000 fd:01 14830308                   /home/kmos/.gradle/caches/transforms-1/files-1.1/support-v4-25.3.0.aar/a45fc76061dcdbeef6e1604633df138b/jars/classes.jar
7f1599069000-7f159906a000 r--s 00009000 fd:01 13514371                   /home/kmos/.gradle/caches/transforms-1/files-1.1/support-vector-drawable-25.3.0.aar/b644c0ee6189ffe2fcf50a9581163556/jars/classes.jar
7f159906a000-7f159906b000 r--s 00003000 fd:01 11407846                   /home/kmos/.gradle/caches/transforms-1/files-1.1/animated-vector-drawable-25.3.0.aar/fbda8142f6f9363c298349e0ca5e9390/jars/classes.jar
7f159906b000-7f159906c000 r--s 00008000 fd:01 2105375                    /home/kmos/.gradle/caches/transforms-1/files-1.1/constraint-layout-1.0.2.aar/b43124f22f95550d25f1f78c860f8f64/jars/classes.jar
7f159906c000-7f1599077000 r--s 0009f000 fd:01 9451981                    /home/kmos/.gradle/caches/transforms-1/files-1.1/appcompat-v7-25.3.0.aar/e082796fffb3a5b260e243305f526125/jars/classes.jar
7f1599077000-7f159908d000 r--s 000ee000 fd:01 548354                     /home/kmos/.gradle/caches/modules-2/files-2.1/cz.msebera.android/httpclient/4.3.6/526a9f794eab830eae4f23a62c572878b3f491ab/httpclient-4.3.6.jar
7f159908d000-7f159908f000 r--s 00016000 fd:01 925526                     /home/kmos/Android/Sdk/extras/m2repository/com/android/support/constraint/constraint-layout-solver/1.0.2/constraint-layout-solver-1.0.2.jar
7f159908f000-7f1599091000 r--s 00004000 fd:01 922175                     /home/kmos/Android/Sdk/extras/android/m2repository/com/android/support/support-annotations/25.3.0/support-annotations-25.3.0.jar
7f1599091000-7f1599094000 r--s 0001b000 fd:01 547950                     /home/kmos/.gradle/caches/modules-2/files-2.1/com.squareup.picasso/picasso/2.5.2/7446d06ec8d4f7ffcc53f1da37c95f200dcb9387/picasso-2.5.2.jar
7f1599094000-7f1599099000 r--s 00034000 fd:01 541547                     /home/kmos/.gradle/caches/modules-2/files-2.1/com.google.code.gson/gson/2.8.0/c4ba5371a29ac9b2ad6129b1d39ea38750043eff/gson-2.8.0.jar
7f1599099000-7f159909b000 r--s 00018000 fd:01 548353                     /home/kmos/.gradle/caches/modules-2/files-2.1/com.loopj.android/android-async-http/1.4.9/386a4339ffe52d5d63e80f9bed8d2b1d1a418249/android-async-http-1.4.9.jar
7f159909b000-7f159909e000 r--s 00019000 fd:01 542333                     /home/kmos/.gradle/caches/modules-2/files-2.1/nekohtml/nekohtml/1.9.6.2/2d960be7b62ae6622dbbbe49ab4ffdc609f85c80/nekohtml-1.9.6.2.jar
7f159909e000-7f15990a0000 r--s 00008000 fd:01 542331                     /home/kmos/.gradle/caches/modules-2/files-2.1/nekohtml/xercesMinimal/1.9.6.2/d1c5e063683a0e6f77cd5f051a9d4af48346fa6/xercesMinimal-1.9.6.2.jar
7f15990a0000-7f15990a8000 r--s 00049000 fd:01 542332                     /home/kmos/.gradle/caches/modules-2/files-2.1/backport-util-concurrent/backport-util-concurrent/3.1/682f7ac17fed79e92f8e87d8455192b63376347b/backport-util-concurrent-3.1.jar
7f15990a8000-7f15990b0000 r--s 0008a000 fd:01 542330                     /home/kmos/.gradle/caches/modules-2/files-2.1/com.google.protobuf/protobuf-java/2.6.1/d9521f2aecb909835746b7a5facf612af5e890e8/protobuf-java-2.6.1.jar
7f15990b0000-7f15990b2000 r--s 0000b000 fd:01 542329                     /home/kmos/.gradle/caches/modules-2/files-2.1/org.codehaus.plexus/plexus-interpolation/1.11/ad9dddff6043194904ad1d2c00ff1d003c3915f7/plexus-interpolation-1.11.jar
7f15990b2000-7f15990b6000 r--s 00034000 fd:01 542328                     /home/kmos/.gradle/caches/modules-2/files-2.1/org.codehaus.plexus/plexus-utils/1.5.15/c689598ce1eb94c304817877ed15911099972526/plexus-utils-1.5.15.jar
7f15990b6000-7f15990b8000 r--s 00005000 fd:01 542327                     /home/kmos/.gradle/caches/modules-2/files-2.1/org.apache.maven/maven-repository-metadata/2.2.1/98f0c07fcf1eeb213bef8d9316a9935184084b06/maven-repository-metadata-2.2.1.jar
7f15990b8000-7f15990ba000 r--s 0000b000 fd:01 542326                     /home/kmos/.gradle/caches/modules-2/files-2.1/org.apache.maven.wagon/wagon-provider-api/1.0-beta-6/3f952e0282ae77ae59851d96bb18015e520b6208/wagon-provider-api-1.0-beta-6.jar
7f15990ba000-7f15990bc000 r--s 00005000 fd:01 542325                     /home/kmos/.gradle/caches/modules-2/files-2.1/org.apache.maven.wagon/wagon-http-shared/1.0-beta-6/ccd70d7e0d8c085e648a83f072da06ca9a53be94/wagon-http-shared-1.0-beta-6.jar
7f15990bc000-7f15990bd000 r--s 00003000 fd:01 542324                     /home/kmos/.gradle/caches/modules-2/files-2.1/org.apache.maven.wagon/wagon-http-lightweight/1.0-beta-6/b3815078570c3b1f0667e123d59717c6b726c6c2/wagon-http-lightweight-1.0-beta-6.jar
7f15990bd000-7f15990be000 r--s 00002000 fd:01 542318                     /home/kmos/.gradle/caches/modules-2/files-2.1/org.apache.maven.wagon/wagon-file/1.0-beta-6/6c53633505460caf49d2660de1e24744d915afb9/wagon-file-1.0-beta-6.jar
7f15990be000-7f15990c0000 r--s 00014000 fd:01 542317                     /home/kmos/.gradle/caches/modules-2/files-2.1/org.apache.maven/maven-model/2.2.1/c0a1c17436ec3ff5a56207c031d82277b4250a29/maven-model-2.2.1.jar
7f15990c0000-7f15990c3000 r--s 00011000 fd:01 542316                     /home/kmos/.gradle/caches/modules-2/files-2.1/org.apache.maven/maven-artifact/2.2.1/23600f790d4dab2cb965419eaa982e3e84c428f8/maven-artifact-2.2.1.jar
7f15990c3000-7f15990c5000 r--s 00008000 fd:01 542315                     /home/kmos/.gradle/caches/modules-2/files-2.1/classworlds/classworlds/1.1-alpha-2/5adf2e681c57d7f48038b602f3ca2254ee82d47/classworlds-1.1-alpha-2.jar
7f15990c5000-7f15990cc000 r--s 00029000 fd:01 542314                     /home/kmos/.gradle/caches/modules-2/files-2.1/org.codehaus.plexus/plexus-container-default/1.0-alpha-9-stable-1/94aea3010e250a334d9dab7f591114cd6c767458/plexus-container-default-1.0-alpha-9-stable-1.jar
7f15990cc000-7f15990ce000 r--s 00006000 fd:01 542313                     /home/kmos/.gradle/caches/modules-2/files-2.1/org.apache.maven/maven-plugin-registry/2.2.1/72a24b7775649af78f3986b5aa7eb354b9674cfd/maven-plugin-registry-2.2.1.jar
7f15990ce000-7f15990d0000 r--s 00007000 fd:01 542311                     /home/kmos/.gradle/caches/modules-2/files-2.1/org.apache.maven/maven-profile/2.2.1/3950071587027e5086e9c395574a60650c432738/maven-profile-2.2.1.jar
7f15990d0000-7f15990d1000 r--s 0000b000 fd:01 542294                     /home/kmos/.gradle/caches/modules-2/files-2.1/org.apache.maven/maven-settings/2.2.1/2236ffe71fa5f78ce42b0f5fc22c54ed45f14294/maven-settings-2.2.1.jar
7f15990d1000-7f15990d3000 r--s 00002000 fd:01 542293                     /home/kmos/.gradle/caches/modules-2/files-2.1/org.apache.maven/maven-error-diagnostics/2.2.1/e81bb342d7d172f23d108dc8fa979a1facdcde8e/maven-error-diagnostics-2.2.1.jar
7f15990d3000-7f15990d5000 r--s 0000f000 fd:01 542242                     /home/kmos/.gradle/caches/modules-2/files-2.1/org.apache.maven/maven-artifact-manager/2.2.1/ec355b913c34d37080810f98e3f51abecbe1572b/maven-artifact-manager-2.2.1.jar
7f15990d5000-7f15990d9000 r--s 00023000 fd:01 542241                     /home/kmos/.gradle/caches/modules-2/files-2.1/org.apache.maven/maven-project/2.2.1/8239e98c16f641d55a4ad0e0bab0aee3aff8933f/maven-project-2.2.1.jar
7f15990d9000-7f15990da000 r--s 00002000 fd:01 542239                     /home/kmos/.gradle/caches/modules-2/files-2.1/org.apache.ant/ant-launcher/1.8.0/8b53ba16fa62fb1034da8f1de200ddc407c8381/ant-launcher-1.8.0.jar
7f15990da000-7f15990db000 ---p 00000000 00:00 0 
7f15990db000-7f15991db000 rw-p 00000000 00:00 0 
7f15991db000-7f15991de000 ---p 00000000 00:00 0 
7f15991de000-7f15992dc000 rw-p 00000000 00:00 0 
7f15992dc000-7f15992dd000 ---p 00000000 00:00 0 
7f15992dd000-7f15992e0000 ---p 00000000 00:00 0 
7f15992e0000-7f15993dd000 rw-p 00000000 00:00 0 
7f15993dd000-7f15993de000 ---p 00000000 00:00 0 
7f15993de000-7f15993e1000 ---p 00000000 00:00 0 
7f15993e1000-7f15994de000 rw-p 00000000 00:00 0 
7f15994de000-7f15994df000 ---p 00000000 00:00 0 
7f15994df000-7f15994e2000 ---p 00000000 00:00 0 
7f15994e2000-7f15995df000 rw-p 00000000 00:00 0 
7f15995df000-7f15995e2000 ---p 00000000 00:00 0 
7f15995e2000-7f15996e0000 rw-p 00000000 00:00 0 
7f15996e0000-7f15996e3000 ---p 00000000 00:00 0 
7f15996e3000-7f15997e1000 rw-p 00000000 00:00 0 
7f15997e1000-7f159b4f5000 r--p 00000000 fd:01 4199555                    /usr/lib/locale/locale-archive
7f159b4f5000-7f159b4f8000 ---p 00000000 00:00 0 
7f159b4f8000-7f159b5f6000 rw-p 00000000 00:00 0 
7f159b5f6000-7f159b5f9000 ---p 00000000 00:00 0 
7f159b5f9000-7f159b6f7000 rw-p 00000000 00:00 0 
7f159b6f7000-7f159b6f8000 ---p 00000000 00:00 0 
7f159b6f8000-7f159c000000 rw-p 00000000 00:00 0 
7f159c000000-7f159c021000 rw-p 00000000 00:00 0 
7f159c021000-7f15a0000000 ---p 00000000 00:00 0 
7f15a0000000-7f15a0002000 r--s 00005000 fd:01 548476                     /home/kmos/.gradle/caches/modules-2/files-2.1/xpp3/xpp3_min/1.1.4c/19d4e90b43059058f6e056f794f0ea4030d60b86/xpp3_min-1.1.4c.jar
7f15a0002000-7f15a0003000 r--s 00001000 fd:01 530885                     /home/kmos/.gradle/caches/modules-2/files-2.1/xmlpull/xmlpull/1.1.3.1/2b8e230d2ab644e4ecaa94db7cdedbc40c805dfa/xmlpull-1.1.3.1.jar
7f15a0003000-7f15a005a000 r--s 008ec000 fd:01 542232                     /home/kmos/.gradle/caches/modules-2/files-2.1/com.ibm.icu/icu4j/53.1/786d9055d4ca8c1aab4a7d4ac8283f973fd7e41f/icu4j-53.1.jar
7f15a005a000-7f15a006e000 r--s 000dc000 fd:01 548475                     /home/kmos/.gradle/caches/modules-2/files-2.1/org.assertj/assertj-core/2.6.0/b532c3fc4f66bcfee4989a3514f1cd56203a33ad/assertj-core-2.6.0.jar
7f15a006e000-7f15a4000000 rw-p 00000000 00:00 0 
7f15a4000000-7f15a4021000 rw-p 00000000 00:00 0 
7f15a4021000-7f15a8000000 ---p 00000000 00:00 0 
7f15a8000000-7f15a8003000 r--s 0001d000 fd:01 542231                     /home/kmos/.gradle/caches/modules-2/files-2.1/com.almworks.sqlite4java/sqlite4java/0.282/745a7e2f35fdbe6336922e0d492c979dbbfa74fb/sqlite4java-0.282.jar
7f15a8003000-7f15a8005000 r--s 00006000 fd:01 548473                     /home/kmos/.gradle/caches/modules-2/files-2.1/org.ow2.asm/asm-tree/5.0.1/1b1e6e9d869acd704056d0a4223071a511c619e6/asm-tree-5.0.1.jar
7f15a8005000-7f15a8007000 r--s 00009000 fd:01 548471                     /home/kmos/.gradle/caches/modules-2/files-2.1/org.ow2.asm/asm-commons/5.0.1/7b7147a390a93a14d2edfdcf3f7b0e87a0939c3e/asm-commons-5.0.1.jar
7f15a8007000-7f15a8036000 r--s 00226000 fd:01 548472                     /home/kmos/.gradle/caches/modules-2/files-2.1/com.google.guava/guava/20.0/89507701249388e1ed5ddcf8c41f4ce1be7831ef/guava-20.0.jar
7f15a8036000-7f15a8038000 r--s 00003000 fd:01 548470                     /home/kmos/.gradle/caches/modules-2/files-2.1/org.robolectric/shadow-api/3.3.2/b27c499e077a842330aca3f76615af8bff0fab29/shadow-api-3.3.2.jar
7f15a8038000-7f15a803b000 r--s 0000b000 fd:01 548469                     /home/kmos/.gradle/caches/modules-2/files-2.1/org.objenesis/objenesis/2.5/612ecb799912ccf77cba9b3ed8c813da086076e9/objenesis-2.5.jar
7f15a803b000-7f15a8076000 r--s 00270000 fd:01 548468                     /home/kmos/.gradle/caches/modules-2/files-2.1/net.bytebuddy/byte-buddy/1.6.14/871c3e49dc6183d0d361601c2f1d11abb1a6b48c/byte-buddy-1.6.14.jar
7f15a8076000-7f15a808d000 r--s 00159000 fd:01 542225                     /home/kmos/.gradle/caches/modules-2/files-2.1/org.apache.ant/ant/1.8.0/7b456ca6b93900f96e58cc8371f03d90a9c1c8d1/ant-1.8.0.jar
7f15a808d000-7f15a80a6000 r--s 00129000 fd:01 542224                     /home/kmos/.gradle/caches/modules-2/files-2.1/org.apache.maven/maven-ant-tasks/2.1.3/b09be554228d66d208e5fef5266844aacf443abc/maven-ant-tasks-2.1.3.jar
7f15a80a6000-7f15a80b3000 r--s 00077000 fd:01 548466                     /home/kmos/.gradle/caches/modules-2/files-2.1/com.thoughtworks.xstream/xstream/1.4.8/520d90f30f36a0d6ba2dc929d980831631ad6a92/xstream-1.4.8.jar
7f15a80b3000-7f15a80db000 r--s 001a3000 fd:01 548465                     /home/kmos/.gradle/caches/modules-2/files-2.1/org.bouncycastle/bcprov-jdk16/1.46/ce091790943599535cbb4de8ede84535b0c1260c/bcprov-jdk16-1.46.jar
7f15a80db000-7f15a862e000 rw-p 00000000 00:00 0 
7f15a862e000-7f15a8800000 r--s 03cad000 fd:01 8137399                    /home/kmos/android-studio/jre/jre/lib/rt.jar
7f15a8800000-7f15a9000000 rw-p 00000000 00:00 0 
7f15a9000000-7f15a9640000 rwxp 00000000 00:00 0 
7f15a9640000-7f15b8000000 ---p 00000000 00:00 0 
7f15b8000000-7f15b8a90000 rw-p 00000000 00:00 0 
7f15b8a90000-7f15bc000000 ---p 00000000 00:00 0 
7f15bc000000-7f15bc001000 r--s 0000c000 fd:01 548474                     /home/kmos/.gradle/caches/modules-2/files-2.1/org.ow2.asm/asm/5.0.1/2fd56467a018aafe6ec6a73ccba520be4a7e1565/asm-5.0.1.jar
7f15bc001000-7f15bc003000 r--s 00009000 fd:01 548467                     /home/kmos/.gradle/caches/modules-2/files-2.1/net.bytebuddy/byte-buddy-agent/1.6.14/ba1e5ba3a84fb2fbf2f4de9138df19665eec4d59/byte-buddy-agent-1.6.14.jar
7f15bc003000-7f15bc004000 r--s 00003000 fd:01 548464                     /home/kmos/.gradle/caches/modules-2/files-2.1/org.robolectric/robolectric-annotations/3.3.2/9aabda1b5c03c0077e0224058a444c23bc1162ac/robolectric-annotations-3.3.2.jar
7f15bc004000-7f15bc005000 r--s 00005000 fd:01 548463                     /home/kmos/.gradle/caches/modules-2/files-2.1/org.robolectric/robolectric-utils/3.3.2/c94200e8e1176caa63ff46ff6f2870990f5642cc/robolectric-utils-3.3.2.jar
7f15bc005000-7f15bc007000 r--s 00014000 fd:01 548462                     /home/kmos/.gradle/caches/modules-2/files-2.1/org.robolectric/robolectric-sandbox/3.3.2/4d968978679b572e5993b3eea35cae88268f44ee/robolectric-sandbox-3.3.2.jar
7f15bc007000-7f15bc00a000 r--s 00019000 fd:01 548461                     /home/kmos/.gradle/caches/modules-2/files-2.1/org.robolectric/robolectric-resources/3.3.2/b1a0ccac05e19a5fa2b21d462375c7603e2203b/robolectric-resources-3.3.2.jar
7f15bc00a000-7f15bc00b000 r--s 00002000 fd:01 548459                     /home/kmos/.gradle/caches/modules-2/files-2.1/org.robolectric/robolectric-junit/3.3.2/fd1cb1d27d125c0826feddfcd00653f2f16e458d/robolectric-junit-3.3.2.jar
7f15bc00b000-7f15bc015000 r--s 000aa000 fd:01 548460                     /home/kmos/.gradle/caches/modules-2/files-2.1/org.javassist/javassist/3.21.0-GA/598244f595db5c5fb713731eddbb1c91a58d959b/javassist-3.21.0-GA.jar
7f15bc015000-7f15bc024000 r--s 00073000 fd:01 548458                     /home/kmos/.gradle/caches/modules-2/files-2.1/org.mockito/mockito-core/2.8.9/1afb35b2d77d40567756c379e54c18da3574a96e/mockito-core-2.8.9.jar
7f15bc024000-7f15bc4ce000 rw-p 00000000 00:00 0 
7f15bc4ce000-7f15bc4cf000 ---p 00000000 00:00 0 
7f15bc4cf000-7f15bc5cf000 rw-p 00000000 00:00 0 
7f15bc5cf000-7f15bc5d0000 ---p 00000000 00:00 0 
7f15bc5d0000-7f15bc6d0000 rw-p 00000000 00:00 0 
7f15bc6d0000-7f15bc6d1000 ---p 00000000 00:00 0 
7f15bc6d1000-7f15bc7d1000 rw-p 00000000 00:00 0 
7f15bc7d1000-7f15bc7d2000 ---p 00000000 00:00 0 
7f15bc7d2000-7f15bc8fc000 rw-p 00000000 00:00 0 
7f15bc8fc000-7f15bcb63000 ---p 00000000 00:00 0 
7f15bcb63000-7f15bcb8d000 rw-p 00000000 00:00 0 
7f15bcb8d000-7f15bcdf3000 ---p 00000000 00:00 0 
7f15bcdf3000-7f15bce37000 rw-p 00000000 00:00 0 
7f15bce37000-7f15bcf3c000 ---p 00000000 00:00 0 
7f15bcf3c000-7f15bcf56000 rw-p 00000000 00:00 0 
7f15bcf56000-7f15bd2fd000 ---p 00000000 00:00 0 
7f15bd2fd000-7f15bd308000 r-xp 00000000 fd:01 11670270                   /lib/x86_64-linux-gnu/libnss_files-2.27.so
7f15bd308000-7f15bd507000 ---p 0000b000 fd:01 11670270                   /lib/x86_64-linux-gnu/libnss_files-2.27.so
7f15bd507000-7f15bd508000 r--p 0000a000 fd:01 11670270                   /lib/x86_64-linux-gnu/libnss_files-2.27.so
7f15bd508000-7f15bd509000 rw-p 0000b000 fd:01 11670270                   /lib/x86_64-linux-gnu/libnss_files-2.27.so
7f15bd509000-7f15bd50f000 rw-p 00000000 00:00 0 
7f15bd50f000-7f15bd526000 r-xp 00000000 fd:01 11670264                   /lib/x86_64-linux-gnu/libnsl-2.27.so
7f15bd526000-7f15bd725000 ---p 00017000 fd:01 11670264                   /lib/x86_64-linux-gnu/libnsl-2.27.so
7f15bd725000-7f15bd726000 r--p 00016000 fd:01 11670264                   /lib/x86_64-linux-gnu/libnsl-2.27.so
7f15bd726000-7f15bd727000 rw-p 00017000 fd:01 11670264                   /lib/x86_64-linux-gnu/libnsl-2.27.so
7f15bd727000-7f15bd729000 rw-p 00000000 00:00 0 
7f15bd729000-7f15bd734000 r-xp 00000000 fd:01 11670280                   /lib/x86_64-linux-gnu/libnss_nis-2.27.so
7f15bd734000-7f15bd933000 ---p 0000b000 fd:01 11670280                   /lib/x86_64-linux-gnu/libnss_nis-2.27.so
7f15bd933000-7f15bd934000 r--p 0000a000 fd:01 11670280                   /lib/x86_64-linux-gnu/libnss_nis-2.27.so
7f15bd934000-7f15bd935000 rw-p 0000b000 fd:01 11670280                   /lib/x86_64-linux-gnu/libnss_nis-2.27.so
7f15bd935000-7f15bd93d000 r-xp 00000000 fd:01 11670266                   /lib/x86_64-linux-gnu/libnss_compat-2.27.so
7f15bd93d000-7f15bdb3d000 ---p 00008000 fd:01 11670266                   /lib/x86_64-linux-gnu/libnss_compat-2.27.so
7f15bdb3d000-7f15bdb3e000 r--p 00008000 fd:01 11670266                   /lib/x86_64-linux-gnu/libnss_compat-2.27.so
7f15bdb3e000-7f15bdb3f000 rw-p 00009000 fd:01 11670266                   /lib/x86_64-linux-gnu/libnss_compat-2.27.so
7f15bdb3f000-7f15bdb46000 r-xp 00000000 fd:01 11670320                   /lib/x86_64-linux-gnu/librt-2.27.so
7f15bdb46000-7f15bdd45000 ---p 00007000 fd:01 11670320                   /lib/x86_64-linux-gnu/librt-2.27.so
7f15bdd45000-7f15bdd46000 r--p 00006000 fd:01 11670320                   /lib/x86_64-linux-gnu/librt-2.27.so
7f15bdd46000-7f15bdd47000 rw-p 00007000 fd:01 11670320                   /lib/x86_64-linux-gnu/librt-2.27.so
7f15bdd47000-7f15bdee4000 r-xp 00000000 fd:01 11670243                   /lib/x86_64-linux-gnu/libm-2.27.so
7f15bdee4000-7f15be0e3000 ---p 0019d000 fd:01 11670243                   /lib/x86_64-linux-gnu/libm-2.27.so
7f15be0e3000-7f15be0e4000 r--p 0019c000 fd:01 11670243                   /lib/x86_64-linux-gnu/libm-2.27.so
7f15be0e4000-7f15be0e5000 rw-p 0019d000 fd:01 11670243                   /lib/x86_64-linux-gnu/libm-2.27.so
7f15be0e5000-7f15bed0b000 r-xp 00000000 fd:01 8137406                    /home/kmos/android-studio/jre/jre/lib/amd64/server/libjvm.so
7f15bed0b000-7f15beddb000 rw-p 00c26000 fd:01 8137406                    /home/kmos/android-studio/jre/jre/lib/amd64/server/libjvm.so
7f15beddb000-7f15bee1f000 rw-p 00000000 00:00 0 
7f15bee1f000-7f15bf006000 r-xp 00000000 fd:01 11670180                   /lib/x86_64-linux-gnu/libc-2.27.so
7f15bf006000-7f15bf206000 ---p 001e7000 fd:01 11670180                   /lib/x86_64-linux-gnu/libc-2.27.so
7f15bf206000-7f15bf20a000 r--p 001e7000 fd:01 11670180                   /lib/x86_64-linux-gnu/libc-2.27.so
7f15bf20a000-7f15bf20c000 rw-p 001eb000 fd:01 11670180                   /lib/x86_64-linux-gnu/libc-2.27.so
7f15bf20c000-7f15bf210000 rw-p 00000000 00:00 0 
7f15bf210000-7f15bf213000 r-xp 00000000 fd:01 11670203                   /lib/x86_64-linux-gnu/libdl-2.27.so
7f15bf213000-7f15bf412000 ---p 00003000 fd:01 11670203                   /lib/x86_64-linux-gnu/libdl-2.27.so
7f15bf412000-7f15bf413000 r--p 00002000 fd:01 11670203                   /lib/x86_64-linux-gnu/libdl-2.27.so
7f15bf413000-7f15bf414000 rw-p 00003000 fd:01 11670203                   /lib/x86_64-linux-gnu/libdl-2.27.so
7f15bf414000-7f15bf42e000 r-xp 00000000 fd:01 11670312                   /lib/x86_64-linux-gnu/libpthread-2.27.so
7f15bf42e000-7f15bf62d000 ---p 0001a000 fd:01 11670312                   /lib/x86_64-linux-gnu/libpthread-2.27.so
7f15bf62d000-7f15bf62e000 r--p 00019000 fd:01 11670312                   /lib/x86_64-linux-gnu/libpthread-2.27.so
7f15bf62e000-7f15bf62f000 rw-p 0001a000 fd:01 11670312                   /lib/x86_64-linux-gnu/libpthread-2.27.so
7f15bf62f000-7f15bf633000 rw-p 00000000 00:00 0 
7f15bf633000-7f15bf65a000 r-xp 00000000 fd:01 11670152                   /lib/x86_64-linux-gnu/ld-2.27.so
7f15bf65a000-7f15bf65c000 r--s 0000e000 fd:01 548456                     /home/kmos/.gradle/caches/modules-2/files-2.1/org.powermock/powermock-reflect/1.7.1/258686cb36f6f7687017b4009d6b1267f989f66/powermock-reflect-1.7.1.jar
7f15bf65c000-7f15bf66a000 r--s 00299000 fd:01 548457                     /home/kmos/.gradle/caches/modules-2/files-2.1/org.robolectric/shadows-core/3.3.2/3d20e0784abd5d6ccf58eeb82da908ecbf7bffd9/shadows-core-3.3.2.jar
7f15bf66a000-7f15bf66e000 r--s 00025000 fd:01 548454                     /home/kmos/.gradle/caches/modules-2/files-2.1/org.robolectric/robolectric/3.3.2/90022fc9ad52c44d0c2a13b8371e9a3624357ba8/robolectric-3.3.2.jar
7f15bf66e000-7f15bf673000 r--s 0001f000 fd:01 548453                     /home/kmos/.gradle/caches/modules-2/files-2.1/org.powermock/powermock-core/1.7.1/590d998f70a97c66d32ff5f1f040f308decbdd0c/powermock-core-1.7.1.jar
7f15bf673000-7f15bf675000 r--s 00004000 fd:01 548452                     /home/kmos/.gradle/caches/modules-2/files-2.1/org.powermock/powermock-api-support/1.7.1/366af3d58861e3754d12c8504a76642900786d8d/powermock-api-support-1.7.1.jar
7f15bf675000-7f15bf677000 r--s 00007000 fd:01 548451                     /home/kmos/.gradle/caches/modules-2/files-2.1/org.powermock/powermock-api-mockito-common/1.7.1/bca2184da31c19799cf79e8567d86c5427bbdf3d/powermock-api-mockito-common-1.7.1.jar
7f15bf677000-7f15bf67a000 r--s 0000c000 fd:01 548450                     /home/kmos/.gradle/caches/modules-2/files-2.1/org.powermock/powermock-api-mockito2/1.7.1/957158530a6e4552fa3addc979d62dcf3e1b1c74/powermock-api-mockito2-1.7.1.jar
7f15bf67a000-7f15bf680000 r--s 00066000 fd:01 548455                     /home/kmos/.gradle/caches/modules-2/files-2.1/com.github.javaparser/javaparser-core/3.0.1/49c49fe9c0d1d21e4777bef6788a92ef15d2a241/javaparser-core-3.0.1.jar
7f15bf680000-7f15bf682000 r--s 00003000 fd:01 548448                     /home/kmos/.gradle/caches/modules-2/files-2.1/org.powermock/powermock-module-junit4-common/1.7.1/cfd1f8fb63e50ae4c409ace696136ec3d595e832/powermock-module-junit4-common-1.7.1.jar
7f15bf682000-7f15bf684000 r--s 0000a000 fd:01 548449                     /home/kmos/.gradle/caches/modules-2/files-2.1/org.powermock/powermock-module-junit4/1.7.1/b68666adbfc6a282a231f3af7a593aad3ee0e002/powermock-module-junit4-1.7.1.jar
7f15bf684000-7f15bf686000 r--s 00009000 fd:01 541581                     /home/kmos/.gradle/caches/modules-2/files-2.1/org.hamcrest/hamcrest-core/1.3/42a25dc3219429f0e5d060061f71acb49bf010a0/hamcrest-core-1.3.jar
7f15bf686000-7f15bf68e000 r--s 00045000 fd:01 541611                     /home/kmos/.gradle/caches/modules-2/files-2.1/junit/junit/4.12/2973d150c0dc1fefe998f834810d68f278ea58ec/junit-4.12.jar
7f15bf68e000-7f15bf68f000 r--s 0000c000 fd:01 542233                     /home/kmos/.gradle/caches/modules-2/files-2.1/org.hamcrest/hamcrest-library/1.3/4785a3c21320980282f9f33d0d1264a69040538f/hamcrest-library-1.3.jar
7f15bf68f000-7f15bf690000 r--s 0000a000 fd:01 8257554                    /home/kmos/android-studio/plugins/junit/lib/junit5-rt.jar
7f15bf690000-7f15bf6a6000 r-xp 00000000 fd:01 8137433                    /home/kmos/android-studio/jre/jre/lib/amd64/libnet.so
7f15bf6a6000-7f15bf6a7000 rw-p 00016000 fd:01 8137433                    /home/kmos/android-studio/jre/jre/lib/amd64/libnet.so
7f15bf6a7000-7f15bf6ce000 rw-p 00000000 00:00 0 
7f15bf6ce000-7f15bf6e9000 r-xp 00000000 fd:01 8137432                    /home/kmos/android-studio/jre/jre/lib/amd64/libzip.so
7f15bf6e9000-7f15bf6ea000 rw-p 0001a000 fd:01 8137432                    /home/kmos/android-studio/jre/jre/lib/amd64/libzip.so
7f15bf6ea000-7f15bf6f2000 rw-s 00000000 fd:01 684283                     /tmp/hsperfdata_kmos/1085
7f15bf6f2000-7f15bf71c000 r-xp 00000000 fd:01 8137431                    /home/kmos/android-studio/jre/jre/lib/amd64/libjava.so
7f15bf71c000-7f15bf71e000 rw-p 0002a000 fd:01 8137431                    /home/kmos/android-studio/jre/jre/lib/amd64/libjava.so
7f15bf71e000-7f15bf71f000 ---p 00000000 00:00 0 
7f15bf71f000-7f15bf722000 ---p 00000000 00:00 0 
7f15bf722000-7f15bf821000 rw-p 00000000 00:00 0 
7f15bf821000-7f15bf837000 r-xp 00000000 fd:01 8137521                    /home/kmos/android-studio/jre/lib/amd64/jli/libjli.so
7f15bf837000-7f15bf838000 rw-p 00015000 fd:01 8137521                    /home/kmos/android-studio/jre/lib/amd64/jli/libjli.so
7f15bf838000-7f15bf83a000 rw-p 00000000 00:00 0 
7f15bf83a000-7f15bf83c000 r--s 00020000 fd:01 8257553                    /home/kmos/android-studio/plugins/junit/lib/junit-rt.jar
7f15bf83c000-7f15bf83e000 r--s 0001b000 fd:01 8138349                    /home/kmos/android-studio/lib/idea_rt.jar
7f15bf83e000-7f15bf848000 r-xp 00000000 fd:01 8137419                    /home/kmos/android-studio/jre/jre/lib/amd64/libinstrument.so
7f15bf848000-7f15bf849000 rw-p 00009000 fd:01 8137419                    /home/kmos/android-studio/jre/jre/lib/amd64/libinstrument.so
7f15bf849000-7f15bf84a000 rw-p 00000000 00:00 0 
7f15bf84a000-7f15bf84b000 ---p 00000000 00:00 0 
7f15bf84b000-7f15bf858000 r-xp 00000000 fd:01 8137425                    /home/kmos/android-studio/jre/jre/lib/amd64/libverify.so
7f15bf858000-7f15bf85a000 rw-p 0000c000 fd:01 8137425                    /home/kmos/android-studio/jre/jre/lib/amd64/libverify.so
7f15bf85a000-7f15bf85b000 r--p 00027000 fd:01 11670152                   /lib/x86_64-linux-gnu/ld-2.27.so
7f15bf85b000-7f15bf85c000 rw-p 00028000 fd:01 11670152                   /lib/x86_64-linux-gnu/ld-2.27.so
7f15bf85c000-7f15bf85d000 rw-p 00000000 00:00 0 
7ffecc87f000-7ffecc8a3000 rw-p 00000000 00:00 0                          [stack]
7ffecc8b8000-7ffecc8bb000 r--p 00000000 00:00 0                          [vvar]
7ffecc8bb000-7ffecc8bd000 r-xp 00000000 00:00 0                          [vdso]
ffffffffff600000-ffffffffff601000 r-xp 00000000 00:00 0                  [vsyscall]

VM Arguments:
jvm_args: -ea -Didea.test.cyclic.buffer.size=1048576 -javaagent:/home/kmos/android-studio/lib/idea_rt.jar=39469:/home/kmos/android-studio/bin -Dfile.encoding=UTF-8 
java_command: com.intellij.rt.execution.junit.JUnitStarter -ideVersion5 -junit4 com.pluralsight.candycoded._1_StartTheStoreInformationActivity
java_class_path (initial): /home/kmos/android-studio/lib/idea_rt.jar:/home/kmos/android-studio/plugins/junit/lib/junit-rt.jar:/home/kmos/android-studio/plugins/junit/lib/junit5-rt.jar:/home/kmos/Android/Sdk/platforms/android-25/data/res:/home/kmos/remotejobs/Android-CandyCodedApplication/app/build/intermediates/classes/test/debug:/home/kmos/remotejobs/Android-CandyCodedApplication/app/build/intermediates/classes/debug:/home/kmos/remotejobs/Android-CandyCodedApplication/app/build/intermediates/sourceFolderJavaResources/test/debug:/home/kmos/remotejobs/Android-CandyCodedApplication/app/build/generated/res/rs/debug:/home/kmos/remotejobs/Android-CandyCodedApplication/app/build/generated/res/resValues/debug:/home/kmos/.gradle/caches/modules-2/files-2.1/org.hamcrest/hamcrest-library/1.3/4785a3c21320980282f9f33d0d1264a69040538f/hamcrest-library-1.3.jar:/home/kmos/.gradle/caches/modules-2/files-2.1/junit/junit/4.12/2973d150c0dc1fefe998f834810d68f278ea58ec/junit-4.12.jar:/home/kmos/.gradle/caches/modules-2/files-2.1/org.hamcrest/hamcrest-core/1.3/42a25dc3219429f0e5d060061f71acb49bf010a0/hamcrest-core-1.3.jar:/home/kmos/.gradle/caches/modules-2/files-2.1/org.powermock/powermock-module-junit4/1.7.1/b68666adbfc6a282a231f3af7a593aad3ee0e002/powermock-module-junit4-1.7.1.jar:/home/kmos/.gradle/caches/modules-2/files-2.1/org.powermock/powermock-module-junit4-common/1.7.1/cfd1f8fb63e50ae4c409ace696136ec3d595e832/powermock-module-junit4-common-1.7.1.jar:/home/kmos/.gradle/caches/modules-2/files-2.1/com.github.javaparser/javaparser-core/3.0.1/49c49fe9c0d1d21e4777bef6788a92ef15d2a241/javaparser-core-3.0.1.jar:/home/kmos/.gradle/caches/modules-2/files-2.1/org.powermock/powermock-api-mockito2/1.7.1/957158530a6e4552fa3addc979d62dcf3e1b1c74/powermock-api-mockito2-1.7.1.jar:/home/kmos/.gradle/caches/modules-2/files-2.1/org.powermock/powermock-api-mockito-common/1.7.1/bca2184da31c19799cf79e8567d86c5427bbdf3d/powermock-api-mockito-common-1.7.1.jar:/home/kmos/.gradle/caches/modules-2/files-
Launcher Type: SUN_STANDARD

Environment Variables:
PATH=/usr/local/sbin:/usr/local/bin:/usr/sbin:/usr/bin:/sbin:/bin:/usr/games:/usr/local/games:/snap/bin
SHELL=/bin/bash
DISPLAY=:0

Signal Handlers:
SIGSEGV: [libjvm.so+0xa09650], sa_mask[0]=11111111011111111101111111111110, sa_flags=SA_RESTART|SA_SIGINFO
SIGBUS: [libjvm.so+0xa09650], sa_mask[0]=11111111011111111101111111111110, sa_flags=SA_RESTART|SA_SIGINFO
SIGFPE: [libjvm.so+0x86bc60], sa_mask[0]=11111111011111111101111111111110, sa_flags=SA_RESTART|SA_SIGINFO
SIGPIPE: [libjvm.so+0x86bc60], sa_mask[0]=11111111011111111101111111111110, sa_flags=SA_RESTART|SA_SIGINFO
SIGXFSZ: [libjvm.so+0x86bc60], sa_mask[0]=11111111011111111101111111111110, sa_flags=SA_RESTART|SA_SIGINFO
SIGILL: [libjvm.so+0x86bc60], sa_mask[0]=11111111011111111101111111111110, sa_flags=SA_RESTART|SA_SIGINFO
SIGUSR1: SIG_DFL, sa_mask[0]=00000000000000000000000000000000, sa_flags=none
SIGUSR2: [libjvm.so+0x86bb30], sa_mask[0]=00100000000000000000000000000000, sa_flags=SA_RESTART|SA_SIGINFO
SIGHUP: [libjvm.so+0x86bd20], sa_mask[0]=11111111011111111101111111111110, sa_flags=SA_RESTART|SA_SIGINFO
SIGINT: [libjvm.so+0x86bd20], sa_mask[0]=11111111011111111101111111111110, sa_flags=SA_RESTART|SA_SIGINFO
SIGTERM: [libjvm.so+0x86bd20], sa_mask[0]=11111111011111111101111111111110, sa_flags=SA_RESTART|SA_SIGINFO
SIGQUIT: [libjvm.so+0x86bd20], sa_mask[0]=11111111011111111101111111111110, sa_flags=SA_RESTART|SA_SIGINFO


---------------  S Y S T E M  ---------------

OS:DISTRIB_ID=elementary
DISTRIB_RELEASE=5.0
DISTRIB_CODENAME=juno
DISTRIB_DESCRIPTION="elementary OS 5.0 Juno"

uname:Linux 4.15.0-66-generic #75-Ubuntu SMP Tue Oct 1 05:24:09 UTC 2019 x86_64
libc:glibc 2.27 NPTL 2.27 
rlimit: STACK 8192k, CORE 0k, NPROC 31239, NOFILE 1048576, AS infinity
load average:1.63 1.38 1.18

/proc/meminfo:
MemTotal:        8062852 kB
MemFree:          130328 kB
MemAvailable:      49296 kB
Buffers:            1232 kB
Cached:           522336 kB
SwapCached:        18984 kB
Active:          6559180 kB
Inactive:        1026636 kB
Active(anon):    6543340 kB
Inactive(anon):  1002192 kB
Active(file):      15840 kB
Inactive(file):    24444 kB
Unevictable:         184 kB
Mlocked:             184 kB
SwapTotal:       1003516 kB
SwapFree:              0 kB
Dirty:               188 kB
Writeback:            12 kB
AnonPages:       7043720 kB
Mapped:           369828 kB
Shmem:            483516 kB
Slab:             180480 kB
SReclaimable:      71240 kB
SUnreclaim:       109240 kB
KernelStack:       15440 kB
PageTables:        77276 kB
NFS_Unstable:          0 kB
Bounce:                0 kB
WritebackTmp:          0 kB
CommitLimit:     5034940 kB
Committed_AS:   14004588 kB
VmallocTotal:   34359738367 kB
VmallocUsed:           0 kB
VmallocChunk:          0 kB
HardwareCorrupted:     0 kB
AnonHugePages:         0 kB
ShmemHugePages:        0 kB
ShmemPmdMapped:        0 kB
CmaTotal:              0 kB
CmaFree:               0 kB
HugePages_Total:       0
HugePages_Free:        0
HugePages_Rsvd:        0
HugePages_Surp:        0
Hugepagesize:       2048 kB
DirectMap4k:      257536 kB
DirectMap2M:     8026112 kB
DirectMap1G:           0 kB

container (cgroup) information:
container_type: cgroupv1
cpu_cpuset_cpus: 0-3
cpu_memory_nodes: 0
active_processor_count: 4
cpu_quota: -1
cpu_period: 100000
cpu_shares: -1
memory_limit_in_bytes: -1
memory_and_swap_limit_in_bytes: -2
memory_soft_limit_in_bytes: -1
memory_usage_in_bytes: 7778775040
memory_max_usage_in_bytes: 7802396672


CPU:total 4 (initial active 4) (2 cores per cpu, 2 threads per core) family 6 model 69 stepping 1, cmov, cx8, fxsr, mmx, sse, sse2, sse3, ssse3, sse4.1, sse4.2, popcnt, avx, avx2, aes, clmul, erms, lzcnt, ht, tsc, tscinvbit, bmi1, bmi2

/proc/cpuinfo:
processor	: 0
vendor_id	: GenuineIntel
cpu family	: 6
model		: 69
model name	: Intel(R) Core(TM) i7-4600U CPU @ 2.10GHz
stepping	: 1
microcode	: 0x25
cpu MHz		: 2656.710
cache size	: 4096 KB
physical id	: 0
siblings	: 4
core id		: 0
cpu cores	: 2
apicid		: 0
initial apicid	: 0
fpu		: yes
fpu_exception	: yes
cpuid level	: 13
wp		: yes
flags		: fpu vme de pse tsc msr pae mce cx8 apic sep mtrr pge mca cmov pat pse36 clflush dts acpi mmx fxsr sse sse2 ss ht tm pbe syscall nx pdpe1gb rdtscp lm constant_tsc arch_perfmon pebs bts rep_good nopl xtopology nonstop_tsc cpuid aperfmperf pni pclmulqdq dtes64 monitor ds_cpl vmx smx est tm2 ssse3 sdbg fma cx16 xtpr pdcm pcid sse4_1 sse4_2 x2apic movbe popcnt tsc_deadline_timer aes xsave avx f16c rdrand lahf_lm abm cpuid_fault epb invpcid_single pti ssbd ibrs ibpb stibp tpr_shadow vnmi flexpriority ept vpid fsgsbase tsc_adjust bmi1 avx2 smep bmi2 erms invpcid xsaveopt dtherm ida arat pln pts md_clear flush_l1d
bugs		: cpu_meltdown spectre_v1 spectre_v2 spec_store_bypass l1tf mds swapgs
bogomips	: 5387.66
clflush size	: 64
cache_alignment	: 64
address sizes	: 39 bits physical, 48 bits virtual
power management:

processor	: 1
vendor_id	: GenuineIntel
cpu family	: 6
model		: 69
model name	: Intel(R) Core(TM) i7-4600U CPU @ 2.10GHz
stepping	: 1
microcode	: 0x25
cpu MHz		: 2097.551
cache size	: 4096 KB
physical id	: 0
siblings	: 4
core id		: 0
cpu cores	: 2
apicid		: 1
initial apicid	: 1
fpu		: yes
fpu_exception	: yes
cpuid level	: 13
wp		: yes
flags		: fpu vme de pse tsc msr pae mce cx8 apic sep mtrr pge mca cmov pat pse36 clflush dts acpi mmx fxsr sse sse2 ss ht tm pbe syscall nx pdpe1gb rdtscp lm constant_tsc arch_perfmon pebs bts rep_good nopl xtopology nonstop_tsc cpuid aperfmperf pni pclmulqdq dtes64 monitor ds_cpl vmx smx est tm2 ssse3 sdbg fma cx16 xtpr pdcm pcid sse4_1 sse4_2 x2apic movbe popcnt tsc_deadline_timer aes xsave avx f16c rdrand lahf_lm abm cpuid_fault epb invpcid_single pti ssbd ibrs ibpb stibp tpr_shadow vnmi flexpriority ept vpid fsgsbase tsc_adjust bmi1 avx2 smep bmi2 erms invpcid xsaveopt dtherm ida arat pln pts md_clear flush_l1d
bugs		: cpu_meltdown spectre_v1 spectre_v2 spec_store_bypass l1tf mds swapgs
bogomips	: 5387.66
clflush size	: 64
cache_alignment	: 64
address sizes	: 39 bits physical, 48 bits virtual
power management:

processor	: 2
vendor_id	: GenuineIntel
cpu family	: 6
model		: 69
model name	: Intel(R) Core(TM) i7-4600U CPU @ 2.10GHz
stepping	: 1
microcode	: 0x25
cpu MHz		: 2117.931
cache size	: 4096 KB
physical id	: 0
siblings	: 4
core id		: 1
cpu cores	: 2
apicid		: 2
initial apicid	: 2
fpu		: yes
fpu_exception	: yes
cpuid level	: 13
wp		: yes
flags		: fpu vme de pse tsc msr pae mce cx8 apic sep mtrr pge mca cmov pat pse36 clflush dts acpi mmx fxsr sse sse2 ss ht tm pbe syscall nx pdpe1gb rdtscp lm constant_tsc arch_perfmon pebs bts rep_good nopl xtopology nonstop_tsc cpuid aperfmperf pni pclmulqdq dtes64 monitor ds_cpl vmx smx est tm2 ssse3 sdbg fma cx16 xtpr pdcm pcid sse4_1 sse4_2 x2apic movbe popcnt tsc_deadline_timer aes xsave avx f16c rdrand lahf_lm abm cpuid_fault epb invpcid_single pti ssbd ibrs ibpb stibp tpr_shadow vnmi flexpriority ept vpid fsgsbase tsc_adjust bmi1 avx2 smep bmi2 erms invpcid xsaveopt dtherm ida arat pln pts md_clear flush_l1d
bugs		: cpu_meltdown spectre_v1 spectre_v2 spec_store_bypass l1tf mds swapgs
bogomips	: 5387.66
clflush size	: 64
cache_alignment	: 64
address sizes	: 39 bits physical, 48 bits virtual
power management:

processor	: 3
vendor_id	: GenuineIntel
cpu family	: 6
model		: 69
model name	: Intel(R) Core(TM) i7-4600U CPU @ 2.10GHz
stepping	: 1
microcode	: 0x25
cpu MHz		: 2085.423
cache size	: 4096 KB
physical id	: 0
siblings	: 4
core id		: 1
cpu cores	: 2
apicid		: 3
initial apicid	: 3
fpu		: yes
fpu_exception	: yes
cpuid level	: 13
wp		: yes
flags		: fpu vme de pse tsc msr pae mce cx8 apic sep mtrr pge mca cmov pat pse36 clflush dts acpi mmx fxsr sse sse2 ss ht tm pbe syscall nx pdpe1gb rdtscp lm constant_tsc arch_perfmon pebs bts rep_good nopl xtopology nonstop_tsc cpuid aperfmperf pni pclmulqdq dtes64 monitor ds_cpl vmx smx est tm2 ssse3 sdbg fma cx16 xtpr pdcm pcid sse4_1 sse4_2 x2apic movbe popcnt tsc_deadline_timer aes xsave avx f16c rdrand lahf_lm abm cpuid_fault epb invpcid_single pti ssbd ibrs ibpb stibp tpr_shadow vnmi flexpriority ept vpid fsgsbase tsc_adjust bmi1 avx2 smep bmi2 erms invpcid xsaveopt dtherm ida arat pln pts md_clear flush_l1d
bugs		: cpu_meltdown spectre_v1 spectre_v2 spec_store_bypass l1tf mds swapgs
bogomips	: 5387.66
clflush size	: 64
cache_alignment	: 64
address sizes	: 39 bits physical, 48 bits virtual
power management:



Memory: 4k page, physical 8062852k(131076k free), swap 1003516k(0k free)

vm_info: OpenJDK 64-Bit Server VM (25.202-b49-5587405) for linux-amd64 JRE (1.8.0_202-release-1483-b49-5587405), built by "android-build" with gcc 4.8

time: Tue Oct 29 14:28:48 2019
timezone: EAT
elapsed time: 3 seconds (0d 0h 0m 3s)

